<?xml version="1.0" encoding="UTF-8"?>
<!-- Generated by org.testng.reporters.JUnitXMLReporter -->
<testsuite ignored="0" hostname="DESKTOP-HK2JNRF" failures="0" tests="35" name="Surefire test" time="111.772" errors="0" timestamp="2024-06-05T22:54:00 IST">
  <testcase classname="com.qa.testcases.CartPageTest" name="validatecartTitleTest" time="0.03"/>
  <testcase classname="com.qa.testcases.CartPageTest" name="validatecontinueShoppingbtnTest" time="0.207"/>
  <testcase classname="com.qa.testcases.CartPageTest" name="validateremovebtnTest" time="0.285"/>
  <testcase classname="com.qa.testcases.CheckOutPageTest" name="checkOutPageTitleTest" time="0.032"/>
  <testcase classname="com.qa.testcases.CheckOutPageTest" name="validatecheckOutcancelBtnTest" time="0.069"/>
  <testcase classname="com.qa.testcases.CheckOutPageTest" name="validatcheckOutDetailTest" time="0.615"/>
  <testcase classname="com.qa.testcases.CheckOutPageTest" name="validatcheckOutDetailsTest" time="0.755"/>
  <testcase classname="com.qa.testcases.CheckOutPageTest" name="validatcheckOutDetailsTest" time="0.691"/>
  <testcase classname="com.qa.testcases.CheckOutPageTest" name="validatcheckOutDetailsTest" time="0.579"/>
  <testcase classname="com.qa.testcases.CheckOutPageTest" name="validatcheckOutDetailsTest" time="0.567"/>
  <testcase classname="com.qa.testcases.HomePageTest" name="validateHomePageLogoTest" time="0.042"/>
  <testcase classname="com.qa.testcases.HomePageTest" name="validateHomePageTotalProductsTest" time="0.008"/>
  <testcase classname="com.qa.testcases.HomePageTest" name="validateShoppingCartIconTest" time="0.049"/>
  <testcase classname="com.qa.testcases.HomePageTest" name="validateProductsNamesTest" time="0.101"/>
  <testcase classname="com.qa.testcases.HomePageTest" name="validateFilterDropdownTest" time="0.156"/>
  <testcase classname="com.qa.testcases.HomePageTest" name="validateSideMenuBarTest" time="0.823"/>
  <testcase classname="com.qa.testcases.HomePageTest" name="validateAddToCartTest" time="0.506"/>
  <testcase classname="com.qa.testcases.LoginPageTest" name="validateLoginPageTitleTest" time="0.01"/>
  <testcase classname="com.qa.testcases.LoginPageTest" name="validateloginLogoTest" time="0.027"/>
  <testcase classname="com.qa.testcases.LoginPageTest" name="validateLoginPageErrorTest" time="0.146"/>
  <testcase classname="com.qa.testcases.LoginPageTest" name="validateLoginTest" time="0.461"/>
  <testcase classname="com.qa.testcases.LoginPageTest" name="validateLoginTest" time="0.395"/>
  <testcase classname="com.qa.testcases.LoginPageTest" name="validateLoginTest" time="0.382"/>
  <testcase classname="com.qa.testcases.LoginPageTest" name="validateLoginTest" time="0.443"/>
  <testcase classname="com.qa.testcases.LoginPageTest" name="validateLoginTest" time="5.471"/>
  <testcase classname="com.qa.testcases.LoginPageTest" name="validateLoginTest" time="0.453"/>
  <testcase classname="com.qa.testcases.LoginPageTest" name="validateLoginTest" time="0.392"/>
  <testcase classname="com.qa.testcases.OrderCompletePageTest" name="validateOrderCompletePageTitleTest" time="0.034"/>
  <testcase classname="com.qa.testcases.OrderCompletePageTest" name="validateOrderCompletePageLogoTest" time="0.041"/>
  <testcase classname="com.qa.testcases.OrderCompletePageTest" name="validateOrderCompletePageordersuccessfulMessageTest" time="0.22"/>
  <testcase classname="com.qa.testcases.OrderCompletePageTest" name="validateOrderCompletePageMessageTest" time="0.032"/>
  <testcase classname="com.qa.testcases.OrderCompletePageTest" name="validateOrderCompletePagebackToProductsBtnTest" time="0.078"/>
  <testcase classname="com.qa.testcases.OrderConfirmationPageTest" name="validateOrderConfirmationPageTitleTest" time="0.04"/>
  <testcase classname="com.qa.testcases.OrderConfirmationPageTest" name="validateOrderConfirmationPagecancelBtnTest" time="0.097"/>
  <testcase classname="com.qa.testcases.OrderConfirmationPageTest" name="validateOrderConfirmationPagefinishBtnTest" time="0.105"/>
</testsuite> <!-- Surefire test -->
