<?xml version="1.0" encoding="UTF-8"?>
<testng-results ignored="0" total="35" passed="35" failed="0" skipped="0">
  <reporter-output>
  </reporter-output>
  <suite started-at="2024-06-05T22:52:08 IST" name="Surefire suite" finished-at="2024-06-05T22:54:00 IST" duration-ms="111772">
    <groups>
    </groups>
    <test started-at="2024-06-05T22:52:08 IST" name="Surefire test" finished-at="2024-06-05T22:54:00 IST" duration-ms="111772">
      <class name="com.qa.testcases.OrderCompletePageTest">
        <test-method is-config="true" signature="setUp()[pri:0, instance:com.qa.testcases.OrderCompletePageTest@4facf68f]" started-at="2024-06-05T22:53:30 IST" name="setUp" finished-at="2024-06-05T22:53:34 IST" duration-ms="3499" status="PASS">
          <reporter-output>
          </reporter-output>
        </test-method> <!-- setUp -->
        <test-method signature="validateOrderCompletePageTitleTest()[pri:1, instance:com.qa.testcases.OrderCompletePageTest@4facf68f]" started-at="2024-06-05T22:53:34 IST" name="validateOrderCompletePageTitleTest" finished-at="2024-06-05T22:53:34 IST" duration-ms="34" status="PASS">
          <reporter-output>
          </reporter-output>
        </test-method> <!-- validateOrderCompletePageTitleTest -->
        <test-method is-config="true" signature="tearDown()[pri:0, instance:com.qa.testcases.OrderCompletePageTest@4facf68f]" started-at="2024-06-05T22:53:34 IST" name="tearDown" finished-at="2024-06-05T22:53:34 IST" duration-ms="188" status="PASS">
          <reporter-output>
          </reporter-output>
        </test-method> <!-- tearDown -->
        <test-method is-config="true" signature="setUp()[pri:0, instance:com.qa.testcases.OrderCompletePageTest@4facf68f]" started-at="2024-06-05T22:53:34 IST" name="setUp" finished-at="2024-06-05T22:53:38 IST" duration-ms="3555" status="PASS">
          <reporter-output>
          </reporter-output>
        </test-method> <!-- setUp -->
        <test-method signature="validateOrderCompletePageLogoTest()[pri:2, instance:com.qa.testcases.OrderCompletePageTest@4facf68f]" started-at="2024-06-05T22:53:38 IST" name="validateOrderCompletePageLogoTest" finished-at="2024-06-05T22:53:38 IST" duration-ms="41" status="PASS">
          <reporter-output>
          </reporter-output>
        </test-method> <!-- validateOrderCompletePageLogoTest -->
        <test-method is-config="true" signature="tearDown()[pri:0, instance:com.qa.testcases.OrderCompletePageTest@4facf68f]" started-at="2024-06-05T22:53:38 IST" name="tearDown" finished-at="2024-06-05T22:53:38 IST" duration-ms="188" status="PASS">
          <reporter-output>
          </reporter-output>
        </test-method> <!-- tearDown -->
        <test-method is-config="true" signature="setUp()[pri:0, instance:com.qa.testcases.OrderCompletePageTest@4facf68f]" started-at="2024-06-05T22:53:38 IST" name="setUp" finished-at="2024-06-05T22:53:41 IST" duration-ms="3452" status="PASS">
          <reporter-output>
          </reporter-output>
        </test-method> <!-- setUp -->
        <test-method signature="validateOrderCompletePageordersuccessfulMessageTest()[pri:3, instance:com.qa.testcases.OrderCompletePageTest@4facf68f]" started-at="2024-06-05T22:53:41 IST" name="validateOrderCompletePageordersuccessfulMessageTest" finished-at="2024-06-05T22:53:41 IST" duration-ms="220" status="PASS">
          <reporter-output>
          </reporter-output>
        </test-method> <!-- validateOrderCompletePageordersuccessfulMessageTest -->
        <test-method is-config="true" signature="tearDown()[pri:0, instance:com.qa.testcases.OrderCompletePageTest@4facf68f]" started-at="2024-06-05T22:53:41 IST" name="tearDown" finished-at="2024-06-05T22:53:42 IST" duration-ms="201" status="PASS">
          <reporter-output>
          </reporter-output>
        </test-method> <!-- tearDown -->
        <test-method is-config="true" signature="setUp()[pri:0, instance:com.qa.testcases.OrderCompletePageTest@4facf68f]" started-at="2024-06-05T22:53:42 IST" name="setUp" finished-at="2024-06-05T22:53:45 IST" duration-ms="3476" status="PASS">
          <reporter-output>
          </reporter-output>
        </test-method> <!-- setUp -->
        <test-method signature="validateOrderCompletePageMessageTest()[pri:4, instance:com.qa.testcases.OrderCompletePageTest@4facf68f]" started-at="2024-06-05T22:53:45 IST" name="validateOrderCompletePageMessageTest" finished-at="2024-06-05T22:53:45 IST" duration-ms="32" status="PASS">
          <reporter-output>
          </reporter-output>
        </test-method> <!-- validateOrderCompletePageMessageTest -->
        <test-method is-config="true" signature="tearDown()[pri:0, instance:com.qa.testcases.OrderCompletePageTest@4facf68f]" started-at="2024-06-05T22:53:45 IST" name="tearDown" finished-at="2024-06-05T22:53:45 IST" duration-ms="199" status="PASS">
          <reporter-output>
          </reporter-output>
        </test-method> <!-- tearDown -->
        <test-method is-config="true" signature="setUp()[pri:0, instance:com.qa.testcases.OrderCompletePageTest@4facf68f]" started-at="2024-06-05T22:53:45 IST" name="setUp" finished-at="2024-06-05T22:53:49 IST" duration-ms="3415" status="PASS">
          <reporter-output>
          </reporter-output>
        </test-method> <!-- setUp -->
        <test-method signature="validateOrderCompletePagebackToProductsBtnTest()[pri:5, instance:com.qa.testcases.OrderCompletePageTest@4facf68f]" started-at="2024-06-05T22:53:49 IST" name="validateOrderCompletePagebackToProductsBtnTest" finished-at="2024-06-05T22:53:49 IST" duration-ms="78" status="PASS">
          <reporter-output>
          </reporter-output>
        </test-method> <!-- validateOrderCompletePagebackToProductsBtnTest -->
        <test-method is-config="true" signature="tearDown()[pri:0, instance:com.qa.testcases.OrderCompletePageTest@4facf68f]" started-at="2024-06-05T22:53:49 IST" name="tearDown" finished-at="2024-06-05T22:53:49 IST" duration-ms="179" status="PASS">
          <reporter-output>
          </reporter-output>
        </test-method> <!-- tearDown -->
      </class> <!-- com.qa.testcases.OrderCompletePageTest -->
      <class name="com.qa.testcases.HomePageTest">
        <test-method is-config="true" signature="setUp()[pri:0, instance:com.qa.testcases.HomePageTest@1725dc0f]" started-at="2024-06-05T22:52:47 IST" name="setUp" finished-at="2024-06-05T22:52:49 IST" duration-ms="1887" status="PASS">
          <reporter-output>
          </reporter-output>
        </test-method> <!-- setUp -->
        <test-method signature="validateHomePageLogoTest()[pri:1, instance:com.qa.testcases.HomePageTest@1725dc0f]" started-at="2024-06-05T22:52:49 IST" name="validateHomePageLogoTest" finished-at="2024-06-05T22:52:49 IST" duration-ms="42" status="PASS">
          <reporter-output>
          </reporter-output>
        </test-method> <!-- validateHomePageLogoTest -->
        <test-method is-config="true" signature="tearDown()[pri:0, instance:com.qa.testcases.HomePageTest@1725dc0f]" started-at="2024-06-05T22:52:49 IST" name="tearDown" finished-at="2024-06-05T22:52:49 IST" duration-ms="162" status="PASS">
          <reporter-output>
          </reporter-output>
        </test-method> <!-- tearDown -->
        <test-method is-config="true" signature="setUp()[pri:0, instance:com.qa.testcases.HomePageTest@1725dc0f]" started-at="2024-06-05T22:52:49 IST" name="setUp" finished-at="2024-06-05T22:52:51 IST" duration-ms="2114" status="PASS">
          <reporter-output>
          </reporter-output>
        </test-method> <!-- setUp -->
        <test-method signature="validateHomePageTotalProductsTest()[pri:2, instance:com.qa.testcases.HomePageTest@1725dc0f]" started-at="2024-06-05T22:52:51 IST" name="validateHomePageTotalProductsTest" finished-at="2024-06-05T22:52:51 IST" duration-ms="8" status="PASS">
          <reporter-output>
          </reporter-output>
        </test-method> <!-- validateHomePageTotalProductsTest -->
        <test-method is-config="true" signature="tearDown()[pri:0, instance:com.qa.testcases.HomePageTest@1725dc0f]" started-at="2024-06-05T22:52:51 IST" name="tearDown" finished-at="2024-06-05T22:52:51 IST" duration-ms="149" status="PASS">
          <reporter-output>
          </reporter-output>
        </test-method> <!-- tearDown -->
        <test-method is-config="true" signature="setUp()[pri:0, instance:com.qa.testcases.HomePageTest@1725dc0f]" started-at="2024-06-05T22:52:51 IST" name="setUp" finished-at="2024-06-05T22:52:53 IST" duration-ms="2084" status="PASS">
          <reporter-output>
          </reporter-output>
        </test-method> <!-- setUp -->
        <test-method signature="validateShoppingCartIconTest()[pri:3, instance:com.qa.testcases.HomePageTest@1725dc0f]" started-at="2024-06-05T22:52:53 IST" name="validateShoppingCartIconTest" finished-at="2024-06-05T22:52:53 IST" duration-ms="49" status="PASS">
          <reporter-output>
          </reporter-output>
        </test-method> <!-- validateShoppingCartIconTest -->
        <test-method is-config="true" signature="tearDown()[pri:0, instance:com.qa.testcases.HomePageTest@1725dc0f]" started-at="2024-06-05T22:52:53 IST" name="tearDown" finished-at="2024-06-05T22:52:53 IST" duration-ms="189" status="PASS">
          <reporter-output>
          </reporter-output>
        </test-method> <!-- tearDown -->
        <test-method is-config="true" signature="setUp()[pri:0, instance:com.qa.testcases.HomePageTest@1725dc0f]" started-at="2024-06-05T22:52:53 IST" name="setUp" finished-at="2024-06-05T22:52:55 IST" duration-ms="2126" status="PASS">
          <reporter-output>
          </reporter-output>
        </test-method> <!-- setUp -->
        <test-method signature="validateProductsNamesTest()[pri:4, instance:com.qa.testcases.HomePageTest@1725dc0f]" started-at="2024-06-05T22:52:55 IST" name="validateProductsNamesTest" finished-at="2024-06-05T22:52:56 IST" duration-ms="101" status="PASS">
          <reporter-output>
          </reporter-output>
        </test-method> <!-- validateProductsNamesTest -->
        <test-method is-config="true" signature="tearDown()[pri:0, instance:com.qa.testcases.HomePageTest@1725dc0f]" started-at="2024-06-05T22:52:56 IST" name="tearDown" finished-at="2024-06-05T22:52:56 IST" duration-ms="191" status="PASS">
          <reporter-output>
          </reporter-output>
        </test-method> <!-- tearDown -->
        <test-method is-config="true" signature="setUp()[pri:0, instance:com.qa.testcases.HomePageTest@1725dc0f]" started-at="2024-06-05T22:52:56 IST" name="setUp" finished-at="2024-06-05T22:52:58 IST" duration-ms="2098" status="PASS">
          <reporter-output>
          </reporter-output>
        </test-method> <!-- setUp -->
        <test-method signature="validateFilterDropdownTest()[pri:5, instance:com.qa.testcases.HomePageTest@1725dc0f]" started-at="2024-06-05T22:52:58 IST" name="validateFilterDropdownTest" finished-at="2024-06-05T22:52:58 IST" duration-ms="156" status="PASS">
          <reporter-output>
          </reporter-output>
        </test-method> <!-- validateFilterDropdownTest -->
        <test-method is-config="true" signature="tearDown()[pri:0, instance:com.qa.testcases.HomePageTest@1725dc0f]" started-at="2024-06-05T22:52:58 IST" name="tearDown" finished-at="2024-06-05T22:52:58 IST" duration-ms="190" status="PASS">
          <reporter-output>
          </reporter-output>
        </test-method> <!-- tearDown -->
        <test-method is-config="true" signature="setUp()[pri:0, instance:com.qa.testcases.HomePageTest@1725dc0f]" started-at="2024-06-05T22:52:58 IST" name="setUp" finished-at="2024-06-05T22:53:00 IST" duration-ms="2140" status="PASS">
          <reporter-output>
          </reporter-output>
        </test-method> <!-- setUp -->
        <test-method signature="validateSideMenuBarTest()[pri:6, instance:com.qa.testcases.HomePageTest@1725dc0f]" started-at="2024-06-05T22:53:00 IST" name="validateSideMenuBarTest" finished-at="2024-06-05T22:53:01 IST" duration-ms="823" status="PASS">
          <reporter-output>
          </reporter-output>
        </test-method> <!-- validateSideMenuBarTest -->
        <test-method is-config="true" signature="tearDown()[pri:0, instance:com.qa.testcases.HomePageTest@1725dc0f]" started-at="2024-06-05T22:53:01 IST" name="tearDown" finished-at="2024-06-05T22:53:01 IST" duration-ms="204" status="PASS">
          <reporter-output>
          </reporter-output>
        </test-method> <!-- tearDown -->
        <test-method is-config="true" signature="setUp()[pri:0, instance:com.qa.testcases.HomePageTest@1725dc0f]" started-at="2024-06-05T22:53:01 IST" name="setUp" finished-at="2024-06-05T22:53:03 IST" duration-ms="1941" status="PASS">
          <reporter-output>
          </reporter-output>
        </test-method> <!-- setUp -->
        <test-method signature="validateAddToCartTest()[pri:7, instance:com.qa.testcases.HomePageTest@1725dc0f]" started-at="2024-06-05T22:53:03 IST" name="validateAddToCartTest" finished-at="2024-06-05T22:53:04 IST" duration-ms="506" status="PASS">
          <reporter-output>
          </reporter-output>
        </test-method> <!-- validateAddToCartTest -->
        <test-method is-config="true" signature="tearDown()[pri:0, instance:com.qa.testcases.HomePageTest@1725dc0f]" started-at="2024-06-05T22:53:04 IST" name="tearDown" finished-at="2024-06-05T22:53:04 IST" duration-ms="170" status="PASS">
          <reporter-output>
          </reporter-output>
        </test-method> <!-- tearDown -->
      </class> <!-- com.qa.testcases.HomePageTest -->
      <class name="com.qa.testcases.CheckOutPageTest">
        <test-method is-config="true" signature="setUp()[pri:0, instance:com.qa.testcases.CheckOutPageTest@31368b99]" started-at="2024-06-05T22:52:19 IST" name="setUp" finished-at="2024-06-05T22:52:22 IST" duration-ms="3082" status="PASS">
          <reporter-output>
          </reporter-output>
        </test-method> <!-- setUp -->
        <test-method signature="checkOutPageTitleTest()[pri:1, instance:com.qa.testcases.CheckOutPageTest@31368b99]" started-at="2024-06-05T22:52:22 IST" name="checkOutPageTitleTest" finished-at="2024-06-05T22:52:22 IST" duration-ms="32" status="PASS">
          <reporter-output>
          </reporter-output>
        </test-method> <!-- checkOutPageTitleTest -->
        <test-method is-config="true" signature="tearDown()[pri:0, instance:com.qa.testcases.CheckOutPageTest@31368b99]" started-at="2024-06-05T22:52:22 IST" name="tearDown" finished-at="2024-06-05T22:52:22 IST" duration-ms="193" status="PASS">
          <reporter-output>
          </reporter-output>
        </test-method> <!-- tearDown -->
        <test-method is-config="true" signature="setUp()[pri:0, instance:com.qa.testcases.CheckOutPageTest@31368b99]" started-at="2024-06-05T22:52:22 IST" name="setUp" finished-at="2024-06-05T22:52:25 IST" duration-ms="2841" status="PASS">
          <reporter-output>
          </reporter-output>
        </test-method> <!-- setUp -->
        <test-method signature="validatecheckOutcancelBtnTest()[pri:2, instance:com.qa.testcases.CheckOutPageTest@31368b99]" started-at="2024-06-05T22:52:25 IST" name="validatecheckOutcancelBtnTest" finished-at="2024-06-05T22:52:25 IST" duration-ms="69" status="PASS">
          <reporter-output>
          </reporter-output>
        </test-method> <!-- validatecheckOutcancelBtnTest -->
        <test-method is-config="true" signature="tearDown()[pri:0, instance:com.qa.testcases.CheckOutPageTest@31368b99]" started-at="2024-06-05T22:52:25 IST" name="tearDown" finished-at="2024-06-05T22:52:25 IST" duration-ms="175" status="PASS">
          <reporter-output>
          </reporter-output>
        </test-method> <!-- tearDown -->
        <test-method is-config="true" signature="setUp()[pri:0, instance:com.qa.testcases.CheckOutPageTest@31368b99]" started-at="2024-06-05T22:52:25 IST" name="setUp" finished-at="2024-06-05T22:52:28 IST" duration-ms="2991" status="PASS">
          <reporter-output>
          </reporter-output>
        </test-method> <!-- setUp -->
        <test-method signature="validatcheckOutDetailTest()[pri:3, instance:com.qa.testcases.CheckOutPageTest@31368b99]" started-at="2024-06-05T22:52:28 IST" name="validatcheckOutDetailTest" finished-at="2024-06-05T22:52:29 IST" duration-ms="615" status="PASS">
          <reporter-output>
          </reporter-output>
        </test-method> <!-- validatcheckOutDetailTest -->
        <test-method is-config="true" signature="tearDown()[pri:0, instance:com.qa.testcases.CheckOutPageTest@31368b99]" started-at="2024-06-05T22:52:29 IST" name="tearDown" finished-at="2024-06-05T22:52:29 IST" duration-ms="183" status="PASS">
          <reporter-output>
          </reporter-output>
        </test-method> <!-- tearDown -->
        <test-method is-config="true" signature="setUp()[pri:0, instance:com.qa.testcases.CheckOutPageTest@31368b99]" started-at="2024-06-05T22:52:31 IST" name="setUp" finished-at="2024-06-05T22:52:34 IST" duration-ms="2867" status="PASS">
          <reporter-output>
          </reporter-output>
        </test-method> <!-- setUp -->
        <test-method signature="validatcheckOutDetailsTest(java.lang.String,java.lang.String,java.lang.String)[pri:4, instance:com.qa.testcases.CheckOutPageTest@31368b99]" started-at="2024-06-05T22:52:34 IST" name="validatcheckOutDetailsTest" data-provider="getcheckOutPageTestData" finished-at="2024-06-05T22:52:35 IST" duration-ms="755" status="PASS">
          <params>
            <param index="0">
              <value>
                <![CDATA[Tom]]>
              </value>
            </param>
            <param index="1">
              <value>
                <![CDATA[Smith]]>
              </value>
            </param>
            <param index="2">
              <value>
                <![CDATA[411001.0]]>
              </value>
            </param>
          </params>
          <reporter-output>
          </reporter-output>
        </test-method> <!-- validatcheckOutDetailsTest -->
        <test-method is-config="true" signature="tearDown()[pri:0, instance:com.qa.testcases.CheckOutPageTest@31368b99]" started-at="2024-06-05T22:52:35 IST" name="tearDown" finished-at="2024-06-05T22:52:35 IST" duration-ms="242" status="PASS">
          <reporter-output>
          </reporter-output>
        </test-method> <!-- tearDown -->
        <test-method is-config="true" signature="setUp()[pri:0, instance:com.qa.testcases.CheckOutPageTest@31368b99]" started-at="2024-06-05T22:52:35 IST" name="setUp" finished-at="2024-06-05T22:52:38 IST" duration-ms="2997" status="PASS">
          <reporter-output>
          </reporter-output>
        </test-method> <!-- setUp -->
        <test-method signature="validatcheckOutDetailsTest(java.lang.String,java.lang.String,java.lang.String)[pri:4, instance:com.qa.testcases.CheckOutPageTest@31368b99]" started-at="2024-06-05T22:52:38 IST" name="validatcheckOutDetailsTest" data-provider="getcheckOutPageTestData" finished-at="2024-06-05T22:52:39 IST" duration-ms="691" status="PASS">
          <params>
            <param index="0">
              <value>
                <![CDATA[Jack]]>
              </value>
            </param>
            <param index="1">
              <value>
                <![CDATA[Brown]]>
              </value>
            </param>
            <param index="2">
              <value>
                <![CDATA[411002.0]]>
              </value>
            </param>
          </params>
          <reporter-output>
          </reporter-output>
        </test-method> <!-- validatcheckOutDetailsTest -->
        <test-method is-config="true" signature="tearDown()[pri:0, instance:com.qa.testcases.CheckOutPageTest@31368b99]" started-at="2024-06-05T22:52:39 IST" name="tearDown" finished-at="2024-06-05T22:52:39 IST" duration-ms="181" status="PASS">
          <reporter-output>
          </reporter-output>
        </test-method> <!-- tearDown -->
        <test-method is-config="true" signature="setUp()[pri:0, instance:com.qa.testcases.CheckOutPageTest@31368b99]" started-at="2024-06-05T22:52:39 IST" name="setUp" finished-at="2024-06-05T22:52:42 IST" duration-ms="2960" status="PASS">
          <reporter-output>
          </reporter-output>
        </test-method> <!-- setUp -->
        <test-method signature="validatcheckOutDetailsTest(java.lang.String,java.lang.String,java.lang.String)[pri:4, instance:com.qa.testcases.CheckOutPageTest@31368b99]" started-at="2024-06-05T22:52:42 IST" name="validatcheckOutDetailsTest" data-provider="getcheckOutPageTestData" finished-at="2024-06-05T22:52:43 IST" duration-ms="579" status="PASS">
          <params>
            <param index="0">
              <value>
                <![CDATA[Nick]]>
              </value>
            </param>
            <param index="1">
              <value>
                <![CDATA[Williams]]>
              </value>
            </param>
            <param index="2">
              <value>
                <![CDATA[411003.0]]>
              </value>
            </param>
          </params>
          <reporter-output>
          </reporter-output>
        </test-method> <!-- validatcheckOutDetailsTest -->
        <test-method is-config="true" signature="tearDown()[pri:0, instance:com.qa.testcases.CheckOutPageTest@31368b99]" started-at="2024-06-05T22:52:43 IST" name="tearDown" finished-at="2024-06-05T22:52:43 IST" duration-ms="183" status="PASS">
          <reporter-output>
          </reporter-output>
        </test-method> <!-- tearDown -->
        <test-method is-config="true" signature="setUp()[pri:0, instance:com.qa.testcases.CheckOutPageTest@31368b99]" started-at="2024-06-05T22:52:43 IST" name="setUp" finished-at="2024-06-05T22:52:46 IST" duration-ms="2957" status="PASS">
          <reporter-output>
          </reporter-output>
        </test-method> <!-- setUp -->
        <test-method signature="validatcheckOutDetailsTest(java.lang.String,java.lang.String,java.lang.String)[pri:4, instance:com.qa.testcases.CheckOutPageTest@31368b99]" started-at="2024-06-05T22:52:46 IST" name="validatcheckOutDetailsTest" data-provider="getcheckOutPageTestData" finished-at="2024-06-05T22:52:46 IST" duration-ms="567" status="PASS">
          <params>
            <param index="0">
              <value>
                <![CDATA[Jordan]]>
              </value>
            </param>
            <param index="1">
              <value>
                <![CDATA[Davis]]>
              </value>
            </param>
            <param index="2">
              <value>
                <![CDATA[411004.0]]>
              </value>
            </param>
          </params>
          <reporter-output>
          </reporter-output>
        </test-method> <!-- validatcheckOutDetailsTest -->
        <test-method is-config="true" signature="tearDown()[pri:0, instance:com.qa.testcases.CheckOutPageTest@31368b99]" started-at="2024-06-05T22:52:46 IST" name="tearDown" finished-at="2024-06-05T22:52:47 IST" duration-ms="186" status="PASS">
          <reporter-output>
          </reporter-output>
        </test-method> <!-- tearDown -->
      </class> <!-- com.qa.testcases.CheckOutPageTest -->
      <class name="com.qa.testcases.OrderConfirmationPageTest">
        <test-method is-config="true" signature="setUp()[pri:0, instance:com.qa.testcases.OrderConfirmationPageTest@76508ed1]" started-at="2024-06-05T22:53:49 IST" name="setUp" finished-at="2024-06-05T22:53:53 IST" duration-ms="3763" status="PASS">
          <reporter-output>
          </reporter-output>
        </test-method> <!-- setUp -->
        <test-method signature="validateOrderConfirmationPageTitleTest()[pri:1, instance:com.qa.testcases.OrderConfirmationPageTest@76508ed1]" started-at="2024-06-05T22:53:53 IST" name="validateOrderConfirmationPageTitleTest" finished-at="2024-06-05T22:53:53 IST" duration-ms="40" status="PASS">
          <reporter-output>
          </reporter-output>
        </test-method> <!-- validateOrderConfirmationPageTitleTest -->
        <test-method is-config="true" signature="tearDown()[pri:0, instance:com.qa.testcases.OrderConfirmationPageTest@76508ed1]" started-at="2024-06-05T22:53:53 IST" name="tearDown" finished-at="2024-06-05T22:53:53 IST" duration-ms="178" status="PASS">
          <reporter-output>
          </reporter-output>
        </test-method> <!-- tearDown -->
        <test-method is-config="true" signature="setUp()[pri:0, instance:com.qa.testcases.OrderConfirmationPageTest@76508ed1]" started-at="2024-06-05T22:53:53 IST" name="setUp" finished-at="2024-06-05T22:53:56 IST" duration-ms="3012" status="PASS">
          <reporter-output>
          </reporter-output>
        </test-method> <!-- setUp -->
        <test-method signature="validateOrderConfirmationPagecancelBtnTest()[pri:2, instance:com.qa.testcases.OrderConfirmationPageTest@76508ed1]" started-at="2024-06-05T22:53:56 IST" name="validateOrderConfirmationPagecancelBtnTest" finished-at="2024-06-05T22:53:56 IST" duration-ms="97" status="PASS">
          <reporter-output>
          </reporter-output>
        </test-method> <!-- validateOrderConfirmationPagecancelBtnTest -->
        <test-method is-config="true" signature="tearDown()[pri:0, instance:com.qa.testcases.OrderConfirmationPageTest@76508ed1]" started-at="2024-06-05T22:53:56 IST" name="tearDown" finished-at="2024-06-05T22:53:56 IST" duration-ms="173" status="PASS">
          <reporter-output>
          </reporter-output>
        </test-method> <!-- tearDown -->
        <test-method is-config="true" signature="setUp()[pri:0, instance:com.qa.testcases.OrderConfirmationPageTest@76508ed1]" started-at="2024-06-05T22:53:56 IST" name="setUp" finished-at="2024-06-05T22:54:00 IST" duration-ms="3394" status="PASS">
          <reporter-output>
          </reporter-output>
        </test-method> <!-- setUp -->
        <test-method signature="validateOrderConfirmationPagefinishBtnTest()[pri:3, instance:com.qa.testcases.OrderConfirmationPageTest@76508ed1]" started-at="2024-06-05T22:54:00 IST" name="validateOrderConfirmationPagefinishBtnTest" finished-at="2024-06-05T22:54:00 IST" duration-ms="105" status="PASS">
          <reporter-output>
          </reporter-output>
        </test-method> <!-- validateOrderConfirmationPagefinishBtnTest -->
        <test-method is-config="true" signature="tearDown()[pri:0, instance:com.qa.testcases.OrderConfirmationPageTest@76508ed1]" started-at="2024-06-05T22:54:00 IST" name="tearDown" finished-at="2024-06-05T22:54:00 IST" duration-ms="188" status="PASS">
          <reporter-output>
          </reporter-output>
        </test-method> <!-- tearDown -->
      </class> <!-- com.qa.testcases.OrderConfirmationPageTest -->
      <class name="com.qa.testcases.LoginPageTest">
        <test-method is-config="true" signature="setUp()[pri:0, instance:com.qa.testcases.LoginPageTest@4ac3c60d]" started-at="2024-06-05T22:53:04 IST" name="setUp" finished-at="2024-06-05T22:53:06 IST" duration-ms="1655" status="PASS">
          <reporter-output>
          </reporter-output>
        </test-method> <!-- setUp -->
        <test-method signature="validateLoginPageTitleTest()[pri:1, instance:com.qa.testcases.LoginPageTest@4ac3c60d]" started-at="2024-06-05T22:53:06 IST" name="validateLoginPageTitleTest" finished-at="2024-06-05T22:53:06 IST" duration-ms="10" status="PASS">
          <reporter-output>
          </reporter-output>
        </test-method> <!-- validateLoginPageTitleTest -->
        <test-method is-config="true" signature="tearDown()[pri:0, instance:com.qa.testcases.LoginPageTest@4ac3c60d]" started-at="2024-06-05T22:53:06 IST" name="tearDown" finished-at="2024-06-05T22:53:06 IST" duration-ms="174" status="PASS">
          <reporter-output>
          </reporter-output>
        </test-method> <!-- tearDown -->
        <test-method is-config="true" signature="setUp()[pri:0, instance:com.qa.testcases.LoginPageTest@4ac3c60d]" started-at="2024-06-05T22:53:06 IST" name="setUp" finished-at="2024-06-05T22:53:08 IST" duration-ms="2046" status="PASS">
          <reporter-output>
          </reporter-output>
        </test-method> <!-- setUp -->
        <test-method signature="validateloginLogoTest()[pri:2, instance:com.qa.testcases.LoginPageTest@4ac3c60d]" started-at="2024-06-05T22:53:08 IST" name="validateloginLogoTest" finished-at="2024-06-05T22:53:08 IST" duration-ms="27" status="PASS">
          <reporter-output>
          </reporter-output>
        </test-method> <!-- validateloginLogoTest -->
        <test-method is-config="true" signature="tearDown()[pri:0, instance:com.qa.testcases.LoginPageTest@4ac3c60d]" started-at="2024-06-05T22:53:08 IST" name="tearDown" finished-at="2024-06-05T22:53:08 IST" duration-ms="165" status="PASS">
          <reporter-output>
          </reporter-output>
        </test-method> <!-- tearDown -->
        <test-method is-config="true" signature="setUp()[pri:0, instance:com.qa.testcases.LoginPageTest@4ac3c60d]" started-at="2024-06-05T22:53:08 IST" name="setUp" finished-at="2024-06-05T22:53:10 IST" duration-ms="1495" status="PASS">
          <reporter-output>
          </reporter-output>
        </test-method> <!-- setUp -->
        <test-method signature="validateLoginPageErrorTest()[pri:3, instance:com.qa.testcases.LoginPageTest@4ac3c60d]" started-at="2024-06-05T22:53:10 IST" name="validateLoginPageErrorTest" finished-at="2024-06-05T22:53:10 IST" duration-ms="146" status="PASS">
          <reporter-output>
          </reporter-output>
        </test-method> <!-- validateLoginPageErrorTest -->
        <test-method is-config="true" signature="tearDown()[pri:0, instance:com.qa.testcases.LoginPageTest@4ac3c60d]" started-at="2024-06-05T22:53:10 IST" name="tearDown" finished-at="2024-06-05T22:53:10 IST" duration-ms="175" status="PASS">
          <reporter-output>
          </reporter-output>
        </test-method> <!-- tearDown -->
        <test-method is-config="true" signature="setUp()[pri:0, instance:com.qa.testcases.LoginPageTest@4ac3c60d]" started-at="2024-06-05T22:53:10 IST" name="setUp" finished-at="2024-06-05T22:53:11 IST" duration-ms="1600" status="PASS">
          <reporter-output>
          </reporter-output>
        </test-method> <!-- setUp -->
        <test-method signature="validateLoginTest()[pri:4, instance:com.qa.testcases.LoginPageTest@4ac3c60d]" started-at="2024-06-05T22:53:11 IST" name="validateLoginTest" finished-at="2024-06-05T22:53:12 IST" duration-ms="461" status="PASS">
          <reporter-output>
          </reporter-output>
        </test-method> <!-- validateLoginTest -->
        <test-method is-config="true" signature="tearDown()[pri:0, instance:com.qa.testcases.LoginPageTest@4ac3c60d]" started-at="2024-06-05T22:53:12 IST" name="tearDown" finished-at="2024-06-05T22:53:12 IST" duration-ms="164" status="PASS">
          <reporter-output>
          </reporter-output>
        </test-method> <!-- tearDown -->
        <test-method is-config="true" signature="setUp()[pri:0, instance:com.qa.testcases.LoginPageTest@4ac3c60d]" started-at="2024-06-05T22:53:12 IST" name="setUp" finished-at="2024-06-05T22:53:14 IST" duration-ms="1603" status="PASS">
          <reporter-output>
          </reporter-output>
        </test-method> <!-- setUp -->
        <test-method signature="validateLoginTest(java.lang.String,java.lang.String)[pri:5, instance:com.qa.testcases.LoginPageTest@4ac3c60d]" started-at="2024-06-05T22:53:14 IST" name="validateLoginTest" data-provider="getLoginPageTestData" finished-at="2024-06-05T22:53:14 IST" duration-ms="395" status="PASS">
          <params>
            <param index="0">
              <value>
                <![CDATA[standard-user]]>
              </value>
            </param>
            <param index="1">
              <value>
                <![CDATA[secret_sauce]]>
              </value>
            </param>
          </params>
          <reporter-output>
          </reporter-output>
        </test-method> <!-- validateLoginTest -->
        <test-method is-config="true" signature="tearDown()[pri:0, instance:com.qa.testcases.LoginPageTest@4ac3c60d]" started-at="2024-06-05T22:53:14 IST" name="tearDown" finished-at="2024-06-05T22:53:14 IST" duration-ms="209" status="PASS">
          <reporter-output>
          </reporter-output>
        </test-method> <!-- tearDown -->
        <test-method is-config="true" signature="setUp()[pri:0, instance:com.qa.testcases.LoginPageTest@4ac3c60d]" started-at="2024-06-05T22:53:14 IST" name="setUp" finished-at="2024-06-05T22:53:16 IST" duration-ms="1799" status="PASS">
          <reporter-output>
          </reporter-output>
        </test-method> <!-- setUp -->
        <test-method signature="validateLoginTest(java.lang.String,java.lang.String)[pri:5, instance:com.qa.testcases.LoginPageTest@4ac3c60d]" started-at="2024-06-05T22:53:16 IST" name="validateLoginTest" data-provider="getLoginPageTestData" finished-at="2024-06-05T22:53:17 IST" duration-ms="382" status="PASS">
          <params>
            <param index="0">
              <value>
                <![CDATA[locked_out_user]]>
              </value>
            </param>
            <param index="1">
              <value>
                <![CDATA[secret_sauce]]>
              </value>
            </param>
          </params>
          <reporter-output>
          </reporter-output>
        </test-method> <!-- validateLoginTest -->
        <test-method is-config="true" signature="tearDown()[pri:0, instance:com.qa.testcases.LoginPageTest@4ac3c60d]" started-at="2024-06-05T22:53:17 IST" name="tearDown" finished-at="2024-06-05T22:53:17 IST" duration-ms="158" status="PASS">
          <reporter-output>
          </reporter-output>
        </test-method> <!-- tearDown -->
        <test-method is-config="true" signature="setUp()[pri:0, instance:com.qa.testcases.LoginPageTest@4ac3c60d]" started-at="2024-06-05T22:53:17 IST" name="setUp" finished-at="2024-06-05T22:53:18 IST" duration-ms="1573" status="PASS">
          <reporter-output>
          </reporter-output>
        </test-method> <!-- setUp -->
        <test-method signature="validateLoginTest(java.lang.String,java.lang.String)[pri:5, instance:com.qa.testcases.LoginPageTest@4ac3c60d]" started-at="2024-06-05T22:53:18 IST" name="validateLoginTest" data-provider="getLoginPageTestData" finished-at="2024-06-05T22:53:19 IST" duration-ms="443" status="PASS">
          <params>
            <param index="0">
              <value>
                <![CDATA[problem_user]]>
              </value>
            </param>
            <param index="1">
              <value>
                <![CDATA[secret_sauce]]>
              </value>
            </param>
          </params>
          <reporter-output>
          </reporter-output>
        </test-method> <!-- validateLoginTest -->
        <test-method is-config="true" signature="tearDown()[pri:0, instance:com.qa.testcases.LoginPageTest@4ac3c60d]" started-at="2024-06-05T22:53:19 IST" name="tearDown" finished-at="2024-06-05T22:53:19 IST" duration-ms="162" status="PASS">
          <reporter-output>
          </reporter-output>
        </test-method> <!-- tearDown -->
        <test-method is-config="true" signature="setUp()[pri:0, instance:com.qa.testcases.LoginPageTest@4ac3c60d]" started-at="2024-06-05T22:53:19 IST" name="setUp" finished-at="2024-06-05T22:53:20 IST" duration-ms="1489" status="PASS">
          <reporter-output>
          </reporter-output>
        </test-method> <!-- setUp -->
        <test-method signature="validateLoginTest(java.lang.String,java.lang.String)[pri:5, instance:com.qa.testcases.LoginPageTest@4ac3c60d]" started-at="2024-06-05T22:53:20 IST" name="validateLoginTest" data-provider="getLoginPageTestData" finished-at="2024-06-05T22:53:26 IST" duration-ms="5471" status="PASS">
          <params>
            <param index="0">
              <value>
                <![CDATA[performance_glitch_user]]>
              </value>
            </param>
            <param index="1">
              <value>
                <![CDATA[secret_sauce]]>
              </value>
            </param>
          </params>
          <reporter-output>
          </reporter-output>
        </test-method> <!-- validateLoginTest -->
        <test-method is-config="true" signature="tearDown()[pri:0, instance:com.qa.testcases.LoginPageTest@4ac3c60d]" started-at="2024-06-05T22:53:26 IST" name="tearDown" finished-at="2024-06-05T22:53:26 IST" duration-ms="154" status="PASS">
          <reporter-output>
          </reporter-output>
        </test-method> <!-- tearDown -->
        <test-method is-config="true" signature="setUp()[pri:0, instance:com.qa.testcases.LoginPageTest@4ac3c60d]" started-at="2024-06-05T22:53:26 IST" name="setUp" finished-at="2024-06-05T22:53:27 IST" duration-ms="1405" status="PASS">
          <reporter-output>
          </reporter-output>
        </test-method> <!-- setUp -->
        <test-method signature="validateLoginTest(java.lang.String,java.lang.String)[pri:5, instance:com.qa.testcases.LoginPageTest@4ac3c60d]" started-at="2024-06-05T22:53:27 IST" name="validateLoginTest" data-provider="getLoginPageTestData" finished-at="2024-06-05T22:53:28 IST" duration-ms="453" status="PASS">
          <params>
            <param index="0">
              <value>
                <![CDATA[error_user]]>
              </value>
            </param>
            <param index="1">
              <value>
                <![CDATA[secret_sauce]]>
              </value>
            </param>
          </params>
          <reporter-output>
          </reporter-output>
        </test-method> <!-- validateLoginTest -->
        <test-method is-config="true" signature="tearDown()[pri:0, instance:com.qa.testcases.LoginPageTest@4ac3c60d]" started-at="2024-06-05T22:53:28 IST" name="tearDown" finished-at="2024-06-05T22:53:28 IST" duration-ms="191" status="PASS">
          <reporter-output>
          </reporter-output>
        </test-method> <!-- tearDown -->
        <test-method is-config="true" signature="setUp()[pri:0, instance:com.qa.testcases.LoginPageTest@4ac3c60d]" started-at="2024-06-05T22:53:28 IST" name="setUp" finished-at="2024-06-05T22:53:30 IST" duration-ms="1515" status="PASS">
          <reporter-output>
          </reporter-output>
        </test-method> <!-- setUp -->
        <test-method signature="validateLoginTest(java.lang.String,java.lang.String)[pri:5, instance:com.qa.testcases.LoginPageTest@4ac3c60d]" started-at="2024-06-05T22:53:30 IST" name="validateLoginTest" data-provider="getLoginPageTestData" finished-at="2024-06-05T22:53:30 IST" duration-ms="392" status="PASS">
          <params>
            <param index="0">
              <value>
                <![CDATA[visual_user]]>
              </value>
            </param>
            <param index="1">
              <value>
                <![CDATA[secret_sauce]]>
              </value>
            </param>
          </params>
          <reporter-output>
          </reporter-output>
        </test-method> <!-- validateLoginTest -->
        <test-method is-config="true" signature="tearDown()[pri:0, instance:com.qa.testcases.LoginPageTest@4ac3c60d]" started-at="2024-06-05T22:53:30 IST" name="tearDown" finished-at="2024-06-05T22:53:30 IST" duration-ms="192" status="PASS">
          <reporter-output>
          </reporter-output>
        </test-method> <!-- tearDown -->
      </class> <!-- com.qa.testcases.LoginPageTest -->
      <class name="com.qa.testcases.CartPageTest">
        <test-method is-config="true" signature="setUp()[pri:0, instance:com.qa.testcases.CartPageTest@6fe7aac8]" started-at="2024-06-05T22:52:08 IST" name="setUp" finished-at="2024-06-05T22:52:12 IST" duration-ms="3966" status="PASS">
          <reporter-output>
          </reporter-output>
        </test-method> <!-- setUp -->
        <test-method signature="validatecartTitleTest()[pri:1, instance:com.qa.testcases.CartPageTest@6fe7aac8]" started-at="2024-06-05T22:52:12 IST" name="validatecartTitleTest" finished-at="2024-06-05T22:52:12 IST" duration-ms="30" status="PASS">
          <reporter-output>
          </reporter-output>
        </test-method> <!-- validatecartTitleTest -->
        <test-method is-config="true" signature="tearDown()[pri:0, instance:com.qa.testcases.CartPageTest@6fe7aac8]" started-at="2024-06-05T22:52:12 IST" name="tearDown" finished-at="2024-06-05T22:52:12 IST" duration-ms="229" status="PASS">
          <reporter-output>
          </reporter-output>
        </test-method> <!-- tearDown -->
        <test-method is-config="true" signature="setUp()[pri:0, instance:com.qa.testcases.CartPageTest@6fe7aac8]" started-at="2024-06-05T22:52:12 IST" name="setUp" finished-at="2024-06-05T22:52:15 IST" duration-ms="2691" status="PASS">
          <reporter-output>
          </reporter-output>
        </test-method> <!-- setUp -->
        <test-method signature="validatecontinueShoppingbtnTest()[pri:2, instance:com.qa.testcases.CartPageTest@6fe7aac8]" started-at="2024-06-05T22:52:15 IST" name="validatecontinueShoppingbtnTest" finished-at="2024-06-05T22:52:15 IST" duration-ms="207" status="PASS">
          <reporter-output>
          </reporter-output>
        </test-method> <!-- validatecontinueShoppingbtnTest -->
        <test-method is-config="true" signature="tearDown()[pri:0, instance:com.qa.testcases.CartPageTest@6fe7aac8]" started-at="2024-06-05T22:52:15 IST" name="tearDown" finished-at="2024-06-05T22:52:16 IST" duration-ms="217" status="PASS">
          <reporter-output>
          </reporter-output>
        </test-method> <!-- tearDown -->
        <test-method is-config="true" signature="setUp()[pri:0, instance:com.qa.testcases.CartPageTest@6fe7aac8]" started-at="2024-06-05T22:52:16 IST" name="setUp" finished-at="2024-06-05T22:52:19 IST" duration-ms="2984" status="PASS">
          <reporter-output>
          </reporter-output>
        </test-method> <!-- setUp -->
        <test-method signature="validateremovebtnTest()[pri:3, instance:com.qa.testcases.CartPageTest@6fe7aac8]" started-at="2024-06-05T22:52:19 IST" name="validateremovebtnTest" finished-at="2024-06-05T22:52:19 IST" duration-ms="285" status="PASS">
          <reporter-output>
          </reporter-output>
        </test-method> <!-- validateremovebtnTest -->
        <test-method is-config="true" signature="tearDown()[pri:0, instance:com.qa.testcases.CartPageTest@6fe7aac8]" started-at="2024-06-05T22:52:19 IST" name="tearDown" finished-at="2024-06-05T22:52:19 IST" duration-ms="196" status="PASS">
          <reporter-output>
          </reporter-output>
        </test-method> <!-- tearDown -->
      </class> <!-- com.qa.testcases.CartPageTest -->
    </test> <!-- Surefire test -->
  </suite> <!-- Surefire suite -->
</testng-results>
