<?xml version="1.0" encoding="UTF-8"?>
<testsuite xmlns:xsi="http://www.w3.org/2001/XMLSchema-instance" xsi:noNamespaceSchemaLocation="https://maven.apache.org/surefire/maven-surefire-plugin/xsd/surefire-test-report-3.0.xsd" version="3.0" name="TestSuite" time="112.72" tests="35" errors="0" skipped="0" failures="0">
  <properties>
[...]
</properties>
  <testcase name="validatecartTitleTest" classname="com.qa.testcases.CartPageTest" time="0.037">
    <system-out><![CDATA[***************Login Successful*****************
Added Product to Cart --> Sauce Labs Backpack
Total number of products in cart : 1
Added Product to Cart --> Sauce Labs Bike Light
Total number of products in cart : 2
Added Product to Cart --> Sauce Labs Bolt T-Shirt
Total number of products in cart : 3
Added Product to Cart --> Sauce Labs Fleece Jacket
Total number of products in cart : 4
Added Product to Cart --> Sauce Labs Onesie
Total number of products in cart : 5
***************Products added to Cart*****************
]]></system-out>
    <system-err><![CDATA[SLF4J: Failed to load class "org.slf4j.impl.StaticLoggerBinder".
SLF4J: Defaulting to no-operation (NOP) logger implementation
SLF4J: See http://www.slf4j.org/codes.html#StaticLoggerBinder for further details.
Jun 05, 2024 10:52:10 PM org.openqa.selenium.devtools.CdpVersionFinder findNearestMatch
WARNING: Unable to find an exact match for CDP version 125, returning the closest version; found: 123; Please update to a Selenium version that supports CDP version 125
]]></system-err>
  </testcase>
  <testcase name="validatecontinueShoppingbtnTest" classname="com.qa.testcases.CartPageTest" time="0.207">
    <system-out><![CDATA[***************Login Successful*****************
Added Product to Cart --> Sauce Labs Backpack
Total number of products in cart : 1
Added Product to Cart --> Sauce Labs Bike Light
Total number of products in cart : 2
Added Product to Cart --> Sauce Labs Bolt T-Shirt
Total number of products in cart : 3
Added Product to Cart --> Sauce Labs Fleece Jacket
Total number of products in cart : 4
Added Product to Cart --> Sauce Labs Onesie
Total number of products in cart : 5
***************Products added to Cart*****************
]]></system-out>
    <system-err><![CDATA[Jun 05, 2024 10:52:13 PM org.openqa.selenium.devtools.CdpVersionFinder findNearestMatch
WARNING: Unable to find an exact match for CDP version 125, returning the closest version; found: 123; Please update to a Selenium version that supports CDP version 125
org.openqa.selenium.StaleElementReferenceException: stale element reference: stale element not found in the current frame
  (Session info: chrome=125.0.6422.142)
For documentation on this error, please visit: https://www.selenium.dev/documentation/webdriver/troubleshooting/errors#stale-element-reference-exception
Build info: version: '4.19.1', revision: 'abe0ee07dc'
System info: os.name: 'Windows 11', os.arch: 'amd64', os.version: '10.0', java.version: '21.0.3'
Driver info: org.openqa.selenium.chrome.ChromeDriver
Command: [f2b8649a2a121e474cea83208182b264, getElementText {id=f.43B22B266B9B5D8CAD16CB2CD63ED9EA.d.250E9D21852ACE47265D82C047FB741C.e.42}]
Capabilities {acceptInsecureCerts: false, browserName: chrome, browserVersion: 125.0.6422.142, chrome: {chromedriverVersion: 125.0.6422.78 (14db42ec38ad..., userDataDir: C:\Users\AISHWA~1\AppData\L...}, fedcm:accounts: true, goog:chromeOptions: {debuggerAddress: localhost:57571}, networkConnectionEnabled: false, pageLoadStrategy: normal, platformName: windows, proxy: Proxy(), se:cdp: ws://localhost:57571/devtoo..., se:cdpVersion: 125.0.6422.142, setWindowRect: true, strictFileInteractability: false, timeouts: {implicit: 0, pageLoad: 300000, script: 30000}, unhandledPromptBehavior: dismiss and notify, webauthn:extension:credBlob: true, webauthn:extension:largeBlob: true, webauthn:extension:minPinLength: true, webauthn:extension:prf: true, webauthn:virtualAuthenticators: true}
Element: [[ChromeDriver: chrome on windows (f2b8649a2a121e474cea83208182b264)] -> xpath: //div[@class='inventory_item_name']]
Session ID: f2b8649a2a121e474cea83208182b264
	at java.base/jdk.internal.reflect.DirectConstructorHandleAccessor.newInstance(DirectConstructorHandleAccessor.java:62)
	at java.base/java.lang.reflect.Constructor.newInstanceWithCaller(Constructor.java:502)
	at java.base/java.lang.reflect.Constructor.newInstance(Constructor.java:486)
	at org.openqa.selenium.remote.ErrorCodec.decode(ErrorCodec.java:167)
	at org.openqa.selenium.remote.codec.w3c.W3CHttpResponseCodec.decode(W3CHttpResponseCodec.java:138)
	at org.openqa.selenium.remote.codec.w3c.W3CHttpResponseCodec.decode(W3CHttpResponseCodec.java:50)
	at org.openqa.selenium.remote.HttpCommandExecutor.execute(HttpCommandExecutor.java:190)
	at org.openqa.selenium.remote.service.DriverCommandExecutor.invokeExecute(DriverCommandExecutor.java:216)
	at org.openqa.selenium.remote.service.DriverCommandExecutor.execute(DriverCommandExecutor.java:174)
	at org.openqa.selenium.remote.RemoteWebDriver.execute(RemoteWebDriver.java:518)
	at org.openqa.selenium.remote.RemoteWebElement.execute(RemoteWebElement.java:223)
	at org.openqa.selenium.remote.RemoteWebElement.getText(RemoteWebElement.java:191)
	at com.qa.pages.CartPage.validatecontinueShoppingbtn(CartPage.java:57)
	at com.qa.testcases.CartPageTest.validatecontinueShoppingbtnTest(CartPageTest.java:41)
	at java.base/jdk.internal.reflect.DirectMethodHandleAccessor.invoke(DirectMethodHandleAccessor.java:103)
	at java.base/java.lang.reflect.Method.invoke(Method.java:580)
	at org.testng.internal.invokers.MethodInvocationHelper.invokeMethod(MethodInvocationHelper.java:141)
	at org.testng.internal.invokers.TestInvoker.invokeMethod(TestInvoker.java:686)
	at org.testng.internal.invokers.TestInvoker.invokeTestMethod(TestInvoker.java:230)
	at org.testng.internal.invokers.MethodRunner.runInSequence(MethodRunner.java:63)
	at org.testng.internal.invokers.TestInvoker$MethodInvocationAgent.invoke(TestInvoker.java:992)
	at org.testng.internal.invokers.TestInvoker.invokeTestMethods(TestInvoker.java:203)
	at org.testng.internal.invokers.TestMethodWorker.invokeTestMethods(TestMethodWorker.java:154)
	at org.testng.internal.invokers.TestMethodWorker.run(TestMethodWorker.java:134)
	at java.base/java.util.ArrayList.forEach(ArrayList.java:1596)
	at org.testng.TestRunner.privateRun(TestRunner.java:739)
	at org.testng.TestRunner.run(TestRunner.java:614)
	at org.testng.SuiteRunner.runTest(SuiteRunner.java:421)
	at org.testng.SuiteRunner.runSequentially(SuiteRunner.java:413)
	at org.testng.SuiteRunner.privateRun(SuiteRunner.java:373)
	at org.testng.SuiteRunner.run(SuiteRunner.java:312)
	at org.testng.SuiteRunnerWorker.runSuite(SuiteRunnerWorker.java:52)
	at org.testng.SuiteRunnerWorker.run(SuiteRunnerWorker.java:95)
	at org.testng.TestNG.runSuitesSequentially(TestNG.java:1274)
	at org.testng.TestNG.runSuitesLocally(TestNG.java:1208)
	at org.testng.TestNG.runSuites(TestNG.java:1112)
	at org.testng.TestNG.run(TestNG.java:1079)
	at org.apache.maven.surefire.testng.TestNGExecutor.run(TestNGExecutor.java:155)
	at org.apache.maven.surefire.testng.TestNGDirectoryTestSuite.executeMulti(TestNGDirectoryTestSuite.java:169)
	at org.apache.maven.surefire.testng.TestNGDirectoryTestSuite.execute(TestNGDirectoryTestSuite.java:88)
	at org.apache.maven.surefire.testng.TestNGProvider.invoke(TestNGProvider.java:137)
	at org.apache.maven.surefire.booter.ForkedBooter.runSuitesInProcess(ForkedBooter.java:385)
	at org.apache.maven.surefire.booter.ForkedBooter.execute(ForkedBooter.java:162)
	at org.apache.maven.surefire.booter.ForkedBooter.run(ForkedBooter.java:507)
	at org.apache.maven.surefire.booter.ForkedBooter.main(ForkedBooter.java:495)
]]></system-err>
  </testcase>
  <testcase name="validateremovebtnTest" classname="com.qa.testcases.CartPageTest" time="0.281">
    <system-out><![CDATA[***************Login Successful*****************
Added Product to Cart --> Sauce Labs Backpack
Total number of products in cart : 1
Added Product to Cart --> Sauce Labs Bike Light
Total number of products in cart : 2
Added Product to Cart --> Sauce Labs Bolt T-Shirt
Total number of products in cart : 3
Added Product to Cart --> Sauce Labs Fleece Jacket
Total number of products in cart : 4
Added Product to Cart --> Sauce Labs Onesie
Total number of products in cart : 5
***************Products added to Cart*****************
Number of products in cart before removing : 5
Number of products in cart after removing : 4
Removed Product --> Sauce Labs Bolt T-Shirt
]]></system-out>
    <system-err><![CDATA[Jun 05, 2024 10:52:17 PM org.openqa.selenium.devtools.CdpVersionFinder findNearestMatch
WARNING: Unable to find an exact match for CDP version 125, returning the closest version; found: 123; Please update to a Selenium version that supports CDP version 125
]]></system-err>
  </testcase>
  <testcase name="checkOutPageTitleTest" classname="com.qa.testcases.CheckOutPageTest" time="0.032">
    <system-out><![CDATA[***************Login Successful*****************
Added Product to Cart --> Sauce Labs Backpack
Total number of products in cart : 1
Added Product to Cart --> Sauce Labs Bike Light
Total number of products in cart : 2
Added Product to Cart --> Sauce Labs Bolt T-Shirt
Total number of products in cart : 3
Added Product to Cart --> Sauce Labs Fleece Jacket
Total number of products in cart : 4
Added Product to Cart --> Sauce Labs Onesie
Total number of products in cart : 5
***************Products added to Cart*****************
]]></system-out>
    <system-err><![CDATA[Jun 05, 2024 10:52:20 PM org.openqa.selenium.devtools.CdpVersionFinder findNearestMatch
WARNING: Unable to find an exact match for CDP version 125, returning the closest version; found: 123; Please update to a Selenium version that supports CDP version 125
]]></system-err>
  </testcase>
  <testcase name="validatecheckOutcancelBtnTest" classname="com.qa.testcases.CheckOutPageTest" time="0.07">
    <system-out><![CDATA[***************Login Successful*****************
Added Product to Cart --> Sauce Labs Backpack
Total number of products in cart : 1
Added Product to Cart --> Sauce Labs Bike Light
Total number of products in cart : 2
Added Product to Cart --> Sauce Labs Bolt T-Shirt
Total number of products in cart : 3
Added Product to Cart --> Sauce Labs Fleece Jacket
Total number of products in cart : 4
Added Product to Cart --> Sauce Labs Onesie
Total number of products in cart : 5
***************Products added to Cart*****************
]]></system-out>
    <system-err><![CDATA[Jun 05, 2024 10:52:23 PM org.openqa.selenium.devtools.CdpVersionFinder findNearestMatch
WARNING: Unable to find an exact match for CDP version 125, returning the closest version; found: 123; Please update to a Selenium version that supports CDP version 125
]]></system-err>
  </testcase>
  <testcase name="validatcheckOutDetailTest" classname="com.qa.testcases.CheckOutPageTest" time="0.615">
    <system-out><![CDATA[***************Login Successful*****************
Added Product to Cart --> Sauce Labs Backpack
Total number of products in cart : 1
Added Product to Cart --> Sauce Labs Bike Light
Total number of products in cart : 2
Added Product to Cart --> Sauce Labs Bolt T-Shirt
Total number of products in cart : 3
Added Product to Cart --> Sauce Labs Fleece Jacket
Total number of products in cart : 4
Added Product to Cart --> Sauce Labs Onesie
Total number of products in cart : 5
***************Products added to Cart*****************
***************Shipping Details Submitted*****************
]]></system-out>
    <system-err><![CDATA[Jun 05, 2024 10:52:26 PM org.openqa.selenium.devtools.CdpVersionFinder findNearestMatch
WARNING: Unable to find an exact match for CDP version 125, returning the closest version; found: 123; Please update to a Selenium version that supports CDP version 125
]]></system-err>
  </testcase>
  <testcase name="validatcheckOutDetailsTest[Tom, Smith, 411001.0](1)" classname="com.qa.testcases.CheckOutPageTest" time="0.755">
    <system-out><![CDATA[***************Login Successful*****************
Added Product to Cart --> Sauce Labs Backpack
Total number of products in cart : 1
Added Product to Cart --> Sauce Labs Bike Light
Total number of products in cart : 2
Added Product to Cart --> Sauce Labs Bolt T-Shirt
Total number of products in cart : 3
Added Product to Cart --> Sauce Labs Fleece Jacket
Total number of products in cart : 4
Added Product to Cart --> Sauce Labs Onesie
Total number of products in cart : 5
***************Products added to Cart*****************
***************Shipping Details Submitted*****************
]]></system-out>
    <system-err><![CDATA[ERROR StatusLogger Log4j2 could not find a logging implementation. Please add log4j-core to the classpath. Using SimpleLogger to log to the console...
Jun 05, 2024 10:52:32 PM org.openqa.selenium.devtools.CdpVersionFinder findNearestMatch
WARNING: Unable to find an exact match for CDP version 125, returning the closest version; found: 123; Please update to a Selenium version that supports CDP version 125
]]></system-err>
  </testcase>
  <testcase name="validatcheckOutDetailsTest[Jack, Brown, 411002.0](2)" classname="com.qa.testcases.CheckOutPageTest" time="0.691">
    <system-out><![CDATA[***************Login Successful*****************
Added Product to Cart --> Sauce Labs Backpack
Total number of products in cart : 1
Added Product to Cart --> Sauce Labs Bike Light
Total number of products in cart : 2
Added Product to Cart --> Sauce Labs Bolt T-Shirt
Total number of products in cart : 3
Added Product to Cart --> Sauce Labs Fleece Jacket
Total number of products in cart : 4
Added Product to Cart --> Sauce Labs Onesie
Total number of products in cart : 5
***************Products added to Cart*****************
***************Shipping Details Submitted*****************
]]></system-out>
    <system-err><![CDATA[Jun 05, 2024 10:52:36 PM org.openqa.selenium.devtools.CdpVersionFinder findNearestMatch
WARNING: Unable to find an exact match for CDP version 125, returning the closest version; found: 123; Please update to a Selenium version that supports CDP version 125
]]></system-err>
  </testcase>
  <testcase name="validatcheckOutDetailsTest[Nick, Williams, 411003.0](3)" classname="com.qa.testcases.CheckOutPageTest" time="0.579">
    <system-out><![CDATA[***************Login Successful*****************
Added Product to Cart --> Sauce Labs Backpack
Total number of products in cart : 1
Added Product to Cart --> Sauce Labs Bike Light
Total number of products in cart : 2
Added Product to Cart --> Sauce Labs Bolt T-Shirt
Total number of products in cart : 3
Added Product to Cart --> Sauce Labs Fleece Jacket
Total number of products in cart : 4
Added Product to Cart --> Sauce Labs Onesie
Total number of products in cart : 5
***************Products added to Cart*****************
***************Shipping Details Submitted*****************
]]></system-out>
    <system-err><![CDATA[Jun 05, 2024 10:52:40 PM org.openqa.selenium.devtools.CdpVersionFinder findNearestMatch
WARNING: Unable to find an exact match for CDP version 125, returning the closest version; found: 123; Please update to a Selenium version that supports CDP version 125
]]></system-err>
  </testcase>
  <testcase name="validatcheckOutDetailsTest[Jordan, Davis, 411004.0](4)" classname="com.qa.testcases.CheckOutPageTest" time="0.567">
    <system-out><![CDATA[***************Login Successful*****************
Added Product to Cart --> Sauce Labs Backpack
Total number of products in cart : 1
Added Product to Cart --> Sauce Labs Bike Light
Total number of products in cart : 2
Added Product to Cart --> Sauce Labs Bolt T-Shirt
Total number of products in cart : 3
Added Product to Cart --> Sauce Labs Fleece Jacket
Total number of products in cart : 4
Added Product to Cart --> Sauce Labs Onesie
Total number of products in cart : 5
***************Products added to Cart*****************
***************Shipping Details Submitted*****************
]]></system-out>
    <system-err><![CDATA[Jun 05, 2024 10:52:44 PM org.openqa.selenium.devtools.CdpVersionFinder findNearestMatch
WARNING: Unable to find an exact match for CDP version 125, returning the closest version; found: 123; Please update to a Selenium version that supports CDP version 125
]]></system-err>
  </testcase>
  <testcase name="validateHomePageLogoTest" classname="com.qa.testcases.HomePageTest" time="0.034">
    <system-out><![CDATA[***************Login Successful*****************
]]></system-out>
    <system-err><![CDATA[Jun 05, 2024 10:52:48 PM org.openqa.selenium.devtools.CdpVersionFinder findNearestMatch
WARNING: Unable to find an exact match for CDP version 125, returning the closest version; found: 123; Please update to a Selenium version that supports CDP version 125
]]></system-err>
  </testcase>
  <testcase name="validateHomePageTotalProductsTest" classname="com.qa.testcases.HomePageTest" time="0.008">
    <system-out><![CDATA[***************Login Successful*****************
Total number of products --> 6
]]></system-out>
    <system-err><![CDATA[Jun 05, 2024 10:52:50 PM org.openqa.selenium.devtools.CdpVersionFinder findNearestMatch
WARNING: Unable to find an exact match for CDP version 125, returning the closest version; found: 123; Please update to a Selenium version that supports CDP version 125
]]></system-err>
  </testcase>
  <testcase name="validateShoppingCartIconTest" classname="com.qa.testcases.HomePageTest" time="0.049">
    <system-out><![CDATA[***************Login Successful*****************
]]></system-out>
    <system-err><![CDATA[Jun 05, 2024 10:52:52 PM org.openqa.selenium.devtools.CdpVersionFinder findNearestMatch
WARNING: Unable to find an exact match for CDP version 125, returning the closest version; found: 123; Please update to a Selenium version that supports CDP version 125
]]></system-err>
  </testcase>
  <testcase name="validateProductsNamesTest" classname="com.qa.testcases.HomePageTest" time="0.093">
    <system-out><![CDATA[***************Login Successful*****************
List of all products on HomePage --> 
Product Name : Sauce Labs Backpack
Product Name : Sauce Labs Bike Light
Product Name : Sauce Labs Bolt T-Shirt
Product Name : Sauce Labs Fleece Jacket
Product Name : Sauce Labs Onesie
Product Name : Test.allTheThings() T-Shirt (Red)
]]></system-out>
    <system-err><![CDATA[Jun 05, 2024 10:52:54 PM org.openqa.selenium.devtools.CdpVersionFinder findNearestMatch
WARNING: Unable to find an exact match for CDP version 125, returning the closest version; found: 123; Please update to a Selenium version that supports CDP version 125
]]></system-err>
  </testcase>
  <testcase name="validateFilterDropdownTest" classname="com.qa.testcases.HomePageTest" time="0.156">
    <system-out><![CDATA[***************Login Successful*****************
]]></system-out>
    <system-err><![CDATA[Jun 05, 2024 10:52:57 PM org.openqa.selenium.devtools.CdpVersionFinder findNearestMatch
WARNING: Unable to find an exact match for CDP version 125, returning the closest version; found: 123; Please update to a Selenium version that supports CDP version 125
]]></system-err>
  </testcase>
  <testcase name="validateSideMenuBarTest" classname="com.qa.testcases.HomePageTest" time="0.824">
    <system-out><![CDATA[***************Login Successful*****************
****************************Logged Out*****************************
]]></system-out>
    <system-err><![CDATA[Jun 05, 2024 10:52:59 PM org.openqa.selenium.devtools.CdpVersionFinder findNearestMatch
WARNING: Unable to find an exact match for CDP version 125, returning the closest version; found: 123; Please update to a Selenium version that supports CDP version 125
]]></system-err>
  </testcase>
  <testcase name="validateAddToCartTest" classname="com.qa.testcases.HomePageTest" time="0.509">
    <system-out><![CDATA[***************Login Successful*****************
Added Product to Cart --> Sauce Labs Backpack
Total number of products in cart : 1
Added Product to Cart --> Sauce Labs Bike Light
Total number of products in cart : 2
Added Product to Cart --> Sauce Labs Bolt T-Shirt
Total number of products in cart : 3
Added Product to Cart --> Sauce Labs Fleece Jacket
Total number of products in cart : 4
Added Product to Cart --> Sauce Labs Onesie
Total number of products in cart : 5
***************Products added to Cart*****************
]]></system-out>
    <system-err><![CDATA[Jun 05, 2024 10:53:02 PM org.openqa.selenium.devtools.CdpVersionFinder findNearestMatch
WARNING: Unable to find an exact match for CDP version 125, returning the closest version; found: 123; Please update to a Selenium version that supports CDP version 125
]]></system-err>
  </testcase>
  <testcase name="validateLoginPageTitleTest" classname="com.qa.testcases.LoginPageTest" time="0.008">
    <system-err><![CDATA[Jun 05, 2024 10:53:05 PM org.openqa.selenium.devtools.CdpVersionFinder findNearestMatch
WARNING: Unable to find an exact match for CDP version 125, returning the closest version; found: 123; Please update to a Selenium version that supports CDP version 125
]]></system-err>
  </testcase>
  <testcase name="validateloginLogoTest" classname="com.qa.testcases.LoginPageTest" time="0.027">
    <system-err><![CDATA[Jun 05, 2024 10:53:07 PM org.openqa.selenium.devtools.CdpVersionFinder findNearestMatch
WARNING: Unable to find an exact match for CDP version 125, returning the closest version; found: 123; Please update to a Selenium version that supports CDP version 125
]]></system-err>
  </testcase>
  <testcase name="validateLoginPageErrorTest" classname="com.qa.testcases.LoginPageTest" time="0.146">
    <system-err><![CDATA[Jun 05, 2024 10:53:09 PM org.openqa.selenium.devtools.CdpVersionFinder findNearestMatch
WARNING: Unable to find an exact match for CDP version 125, returning the closest version; found: 123; Please update to a Selenium version that supports CDP version 125
]]></system-err>
  </testcase>
  <testcase name="validateLoginTest" classname="com.qa.testcases.LoginPageTest" time="0.461">
    <system-out><![CDATA[***************Login Successful*****************
]]></system-out>
    <system-err><![CDATA[Jun 05, 2024 10:53:11 PM org.openqa.selenium.devtools.CdpVersionFinder findNearestMatch
WARNING: Unable to find an exact match for CDP version 125, returning the closest version; found: 123; Please update to a Selenium version that supports CDP version 125
]]></system-err>
  </testcase>
  <testcase name="validateLoginTest[standard-user, secret_sauce](1)" classname="com.qa.testcases.LoginPageTest" time="0.395">
    <system-out><![CDATA[***************Login Successful*****************
]]></system-out>
    <system-err><![CDATA[Jun 05, 2024 10:53:13 PM org.openqa.selenium.devtools.CdpVersionFinder findNearestMatch
WARNING: Unable to find an exact match for CDP version 125, returning the closest version; found: 123; Please update to a Selenium version that supports CDP version 125
]]></system-err>
  </testcase>
  <testcase name="validateLoginTest[locked_out_user, secret_sauce](2)" classname="com.qa.testcases.LoginPageTest" time="0.382">
    <system-out><![CDATA[***************Login Successful*****************
]]></system-out>
    <system-err><![CDATA[Jun 05, 2024 10:53:15 PM org.openqa.selenium.devtools.CdpVersionFinder findNearestMatch
WARNING: Unable to find an exact match for CDP version 125, returning the closest version; found: 123; Please update to a Selenium version that supports CDP version 125
]]></system-err>
  </testcase>
  <testcase name="validateLoginTest[problem_user, secret_sauce](3)" classname="com.qa.testcases.LoginPageTest" time="0.448">
    <system-out><![CDATA[***************Login Successful*****************
]]></system-out>
    <system-err><![CDATA[Jun 05, 2024 10:53:18 PM org.openqa.selenium.devtools.CdpVersionFinder findNearestMatch
WARNING: Unable to find an exact match for CDP version 125, returning the closest version; found: 123; Please update to a Selenium version that supports CDP version 125
]]></system-err>
  </testcase>
  <testcase name="validateLoginTest[performance_glitch_user, secret_sauce](4)" classname="com.qa.testcases.LoginPageTest" time="5.471">
    <system-out><![CDATA[***************Login Successful*****************
]]></system-out>
    <system-err><![CDATA[Jun 05, 2024 10:53:20 PM org.openqa.selenium.devtools.CdpVersionFinder findNearestMatch
WARNING: Unable to find an exact match for CDP version 125, returning the closest version; found: 123; Please update to a Selenium version that supports CDP version 125
]]></system-err>
  </testcase>
  <testcase name="validateLoginTest[error_user, secret_sauce](5)" classname="com.qa.testcases.LoginPageTest" time="0.453">
    <system-out><![CDATA[***************Login Successful*****************
]]></system-out>
    <system-err><![CDATA[Jun 05, 2024 10:53:27 PM org.openqa.selenium.devtools.CdpVersionFinder findNearestMatch
WARNING: Unable to find an exact match for CDP version 125, returning the closest version; found: 123; Please update to a Selenium version that supports CDP version 125
]]></system-err>
  </testcase>
  <testcase name="validateLoginTest[visual_user, secret_sauce](6)" classname="com.qa.testcases.LoginPageTest" time="0.392">
    <system-out><![CDATA[***************Login Successful*****************
]]></system-out>
    <system-err><![CDATA[Jun 05, 2024 10:53:29 PM org.openqa.selenium.devtools.CdpVersionFinder findNearestMatch
WARNING: Unable to find an exact match for CDP version 125, returning the closest version; found: 123; Please update to a Selenium version that supports CDP version 125
]]></system-err>
  </testcase>
  <testcase name="validateOrderCompletePageTitleTest" classname="com.qa.testcases.OrderCompletePageTest" time="0.026">
    <system-out><![CDATA[***************Login Successful*****************
Added Product to Cart --> Sauce Labs Backpack
Total number of products in cart : 1
Added Product to Cart --> Sauce Labs Bike Light
Total number of products in cart : 2
Added Product to Cart --> Sauce Labs Bolt T-Shirt
Total number of products in cart : 3
Added Product to Cart --> Sauce Labs Fleece Jacket
Total number of products in cart : 4
Added Product to Cart --> Sauce Labs Onesie
Total number of products in cart : 5
***************Products added to Cart*****************
***************Shipping Details Submitted*****************
***************Confirm Order*****************
]]></system-out>
    <system-err><![CDATA[Jun 05, 2024 10:53:31 PM org.openqa.selenium.devtools.CdpVersionFinder findNearestMatch
WARNING: Unable to find an exact match for CDP version 125, returning the closest version; found: 123; Please update to a Selenium version that supports CDP version 125
]]></system-err>
  </testcase>
  <testcase name="validateOrderCompletePageLogoTest" classname="com.qa.testcases.OrderCompletePageTest" time="0.041">
    <system-out><![CDATA[***************Login Successful*****************
Added Product to Cart --> Sauce Labs Backpack
Total number of products in cart : 1
Added Product to Cart --> Sauce Labs Bike Light
Total number of products in cart : 2
Added Product to Cart --> Sauce Labs Bolt T-Shirt
Total number of products in cart : 3
Added Product to Cart --> Sauce Labs Fleece Jacket
Total number of products in cart : 4
Added Product to Cart --> Sauce Labs Onesie
Total number of products in cart : 5
***************Products added to Cart*****************
***************Shipping Details Submitted*****************
***************Confirm Order*****************
]]></system-out>
    <system-err><![CDATA[Jun 05, 2024 10:53:35 PM org.openqa.selenium.devtools.CdpVersionFinder findNearestMatch
WARNING: Unable to find an exact match for CDP version 125, returning the closest version; found: 123; Please update to a Selenium version that supports CDP version 125
]]></system-err>
  </testcase>
  <testcase name="validateOrderCompletePageordersuccessfulMessageTest" classname="com.qa.testcases.OrderCompletePageTest" time="0.22">
    <system-out><![CDATA[***************Login Successful*****************
Added Product to Cart --> Sauce Labs Backpack
Total number of products in cart : 1
Added Product to Cart --> Sauce Labs Bike Light
Total number of products in cart : 2
Added Product to Cart --> Sauce Labs Bolt T-Shirt
Total number of products in cart : 3
Added Product to Cart --> Sauce Labs Fleece Jacket
Total number of products in cart : 4
Added Product to Cart --> Sauce Labs Onesie
Total number of products in cart : 5
***************Products added to Cart*****************
***************Shipping Details Submitted*****************
***************Confirm Order*****************
***************Thank You !! Order Placed*****************
]]></system-out>
    <system-err><![CDATA[Jun 05, 2024 10:53:39 PM org.openqa.selenium.devtools.CdpVersionFinder findNearestMatch
WARNING: Unable to find an exact match for CDP version 125, returning the closest version; found: 123; Please update to a Selenium version that supports CDP version 125
]]></system-err>
  </testcase>
  <testcase name="validateOrderCompletePageMessageTest" classname="com.qa.testcases.OrderCompletePageTest" time="0.032">
    <system-out><![CDATA[***************Login Successful*****************
Added Product to Cart --> Sauce Labs Backpack
Total number of products in cart : 1
Added Product to Cart --> Sauce Labs Bike Light
Total number of products in cart : 2
Added Product to Cart --> Sauce Labs Bolt T-Shirt
Total number of products in cart : 3
Added Product to Cart --> Sauce Labs Fleece Jacket
Total number of products in cart : 4
Added Product to Cart --> Sauce Labs Onesie
Total number of products in cart : 5
***************Products added to Cart*****************
***************Shipping Details Submitted*****************
***************Confirm Order*****************
********************Your order has been dispatched, and will arrive just as fast as the pony can get there!*******************
]]></system-out>
    <system-err><![CDATA[Jun 05, 2024 10:53:43 PM org.openqa.selenium.devtools.CdpVersionFinder findNearestMatch
WARNING: Unable to find an exact match for CDP version 125, returning the closest version; found: 123; Please update to a Selenium version that supports CDP version 125
]]></system-err>
  </testcase>
  <testcase name="validateOrderCompletePagebackToProductsBtnTest" classname="com.qa.testcases.OrderCompletePageTest" time="0.078">
    <system-out><![CDATA[***************Login Successful*****************
Added Product to Cart --> Sauce Labs Backpack
Total number of products in cart : 1
Added Product to Cart --> Sauce Labs Bike Light
Total number of products in cart : 2
Added Product to Cart --> Sauce Labs Bolt T-Shirt
Total number of products in cart : 3
Added Product to Cart --> Sauce Labs Fleece Jacket
Total number of products in cart : 4
Added Product to Cart --> Sauce Labs Onesie
Total number of products in cart : 5
***************Products added to Cart*****************
***************Shipping Details Submitted*****************
***************Confirm Order*****************
]]></system-out>
    <system-err><![CDATA[Jun 05, 2024 10:53:46 PM org.openqa.selenium.devtools.CdpVersionFinder findNearestMatch
WARNING: Unable to find an exact match for CDP version 125, returning the closest version; found: 123; Please update to a Selenium version that supports CDP version 125
]]></system-err>
  </testcase>
  <testcase name="validateOrderConfirmationPageTitleTest" classname="com.qa.testcases.OrderConfirmationPageTest" time="0.039">
    <system-out><![CDATA[***************Login Successful*****************
Added Product to Cart --> Sauce Labs Backpack
Total number of products in cart : 1
Added Product to Cart --> Sauce Labs Bike Light
Total number of products in cart : 2
Added Product to Cart --> Sauce Labs Bolt T-Shirt
Total number of products in cart : 3
Added Product to Cart --> Sauce Labs Fleece Jacket
Total number of products in cart : 4
Added Product to Cart --> Sauce Labs Onesie
Total number of products in cart : 5
***************Products added to Cart*****************
***************Shipping Details Submitted*****************
]]></system-out>
    <system-err><![CDATA[Jun 05, 2024 10:53:50 PM org.openqa.selenium.devtools.CdpVersionFinder findNearestMatch
WARNING: Unable to find an exact match for CDP version 125, returning the closest version; found: 123; Please update to a Selenium version that supports CDP version 125
]]></system-err>
  </testcase>
  <testcase name="validateOrderConfirmationPagecancelBtnTest" classname="com.qa.testcases.OrderConfirmationPageTest" time="0.097">
    <system-out><![CDATA[***************Login Successful*****************
Added Product to Cart --> Sauce Labs Backpack
Total number of products in cart : 1
Added Product to Cart --> Sauce Labs Bike Light
Total number of products in cart : 2
Added Product to Cart --> Sauce Labs Bolt T-Shirt
Total number of products in cart : 3
Added Product to Cart --> Sauce Labs Fleece Jacket
Total number of products in cart : 4
Added Product to Cart --> Sauce Labs Onesie
Total number of products in cart : 5
***************Products added to Cart*****************
***************Shipping Details Submitted*****************
]]></system-out>
    <system-err><![CDATA[Jun 05, 2024 10:53:54 PM org.openqa.selenium.devtools.CdpVersionFinder findNearestMatch
WARNING: Unable to find an exact match for CDP version 125, returning the closest version; found: 123; Please update to a Selenium version that supports CDP version 125
]]></system-err>
  </testcase>
  <testcase name="validateOrderConfirmationPagefinishBtnTest" classname="com.qa.testcases.OrderConfirmationPageTest" time="0.105">
    <system-out><![CDATA[***************Login Successful*****************
Added Product to Cart --> Sauce Labs Backpack
Total number of products in cart : 1
Added Product to Cart --> Sauce Labs Bike Light
Total number of products in cart : 2
Added Product to Cart --> Sauce Labs Bolt T-Shirt
Total number of products in cart : 3
Added Product to Cart --> Sauce Labs Fleece Jacket
Total number of products in cart : 4
Added Product to Cart --> Sauce Labs Onesie
Total number of products in cart : 5
***************Products added to Cart*****************
***************Shipping Details Submitted*****************
***************Confirm Order*****************
]]></system-out>
    <system-err><![CDATA[Jun 05, 2024 10:53:57 PM org.openqa.selenium.devtools.CdpVersionFinder findNearestMatch
WARNING: Unable to find an exact match for CDP version 125, returning the closest version; found: 123; Please update to a Selenium version that supports CDP version 125
]]></system-err>
  </testcase>
</testsuite>