<?xml version="1.0" encoding="UTF-8"?>
<testng-results ignored="0" total="35" passed="35" failed="0" skipped="0">
  <reporter-output>
  </reporter-output>
  <suite started-at="2024-07-02T22:56:20 IST" name="Page Object Model [POM] Test Automation Suite" finished-at="2024-07-02T22:58:01 IST" duration-ms="100509">
    <groups>
    </groups>
    <test started-at="2024-07-02T22:56:20 IST" name="Swag_LabsDemo Automation Test" finished-at="2024-07-02T22:58:01 IST" duration-ms="100509">
      <class name="com.qa.testcases.OrderCompletePageTest">
        <test-method is-config="true" signature="setUp()[pri:0, instance:com.qa.testcases.OrderCompletePageTest@5890e879]" started-at="2024-07-02T22:57:45 IST" name="setUp" finished-at="2024-07-02T22:57:48 IST" duration-ms="3025" status="PASS">
          <reporter-output>
          </reporter-output>
        </test-method> <!-- setUp -->
        <test-method signature="validateOrderCompletePageTitleTest()[pri:1, instance:com.qa.testcases.OrderCompletePageTest@5890e879]" started-at="2024-07-02T22:57:48 IST" name="validateOrderCompletePageTitleTest" finished-at="2024-07-02T22:57:48 IST" duration-ms="30" status="PASS">
          <reporter-output>
          </reporter-output>
        </test-method> <!-- validateOrderCompletePageTitleTest -->
        <test-method is-config="true" signature="tearDown()[pri:0, instance:com.qa.testcases.OrderCompletePageTest@5890e879]" started-at="2024-07-02T22:57:48 IST" name="tearDown" finished-at="2024-07-02T22:57:48 IST" duration-ms="143" status="PASS">
          <reporter-output>
          </reporter-output>
        </test-method> <!-- tearDown -->
        <test-method is-config="true" signature="setUp()[pri:0, instance:com.qa.testcases.OrderCompletePageTest@5890e879]" started-at="2024-07-02T22:57:48 IST" name="setUp" finished-at="2024-07-02T22:57:51 IST" duration-ms="3026" status="PASS">
          <reporter-output>
          </reporter-output>
        </test-method> <!-- setUp -->
        <test-method signature="validateOrderCompletePageLogoTest()[pri:2, instance:com.qa.testcases.OrderCompletePageTest@5890e879]" started-at="2024-07-02T22:57:51 IST" name="validateOrderCompletePageLogoTest" finished-at="2024-07-02T22:57:51 IST" duration-ms="34" status="PASS">
          <reporter-output>
          </reporter-output>
        </test-method> <!-- validateOrderCompletePageLogoTest -->
        <test-method is-config="true" signature="tearDown()[pri:0, instance:com.qa.testcases.OrderCompletePageTest@5890e879]" started-at="2024-07-02T22:57:51 IST" name="tearDown" finished-at="2024-07-02T22:57:51 IST" duration-ms="174" status="PASS">
          <reporter-output>
          </reporter-output>
        </test-method> <!-- tearDown -->
        <test-method is-config="true" signature="setUp()[pri:0, instance:com.qa.testcases.OrderCompletePageTest@5890e879]" started-at="2024-07-02T22:57:51 IST" name="setUp" finished-at="2024-07-02T22:57:54 IST" duration-ms="2888" status="PASS">
          <reporter-output>
          </reporter-output>
        </test-method> <!-- setUp -->
        <test-method signature="validateOrderCompletePageordersuccessfulMessageTest()[pri:3, instance:com.qa.testcases.OrderCompletePageTest@5890e879]" started-at="2024-07-02T22:57:54 IST" name="validateOrderCompletePageordersuccessfulMessageTest" finished-at="2024-07-02T22:57:54 IST" duration-ms="153" status="PASS">
          <reporter-output>
          </reporter-output>
        </test-method> <!-- validateOrderCompletePageordersuccessfulMessageTest -->
        <test-method is-config="true" signature="tearDown()[pri:0, instance:com.qa.testcases.OrderCompletePageTest@5890e879]" started-at="2024-07-02T22:57:54 IST" name="tearDown" finished-at="2024-07-02T22:57:54 IST" duration-ms="182" status="PASS">
          <reporter-output>
          </reporter-output>
        </test-method> <!-- tearDown -->
        <test-method is-config="true" signature="setUp()[pri:0, instance:com.qa.testcases.OrderCompletePageTest@5890e879]" started-at="2024-07-02T22:57:54 IST" name="setUp" finished-at="2024-07-02T22:57:57 IST" duration-ms="3147" status="PASS">
          <reporter-output>
          </reporter-output>
        </test-method> <!-- setUp -->
        <test-method signature="validateOrderCompletePageMessageTest()[pri:4, instance:com.qa.testcases.OrderCompletePageTest@5890e879]" started-at="2024-07-02T22:57:57 IST" name="validateOrderCompletePageMessageTest" finished-at="2024-07-02T22:57:57 IST" duration-ms="33" status="PASS">
          <reporter-output>
          </reporter-output>
        </test-method> <!-- validateOrderCompletePageMessageTest -->
        <test-method is-config="true" signature="tearDown()[pri:0, instance:com.qa.testcases.OrderCompletePageTest@5890e879]" started-at="2024-07-02T22:57:57 IST" name="tearDown" finished-at="2024-07-02T22:57:58 IST" duration-ms="217" status="PASS">
          <reporter-output>
          </reporter-output>
        </test-method> <!-- tearDown -->
        <test-method is-config="true" signature="setUp()[pri:0, instance:com.qa.testcases.OrderCompletePageTest@5890e879]" started-at="2024-07-02T22:57:58 IST" name="setUp" finished-at="2024-07-02T22:58:00 IST" duration-ms="2838" status="PASS">
          <reporter-output>
          </reporter-output>
        </test-method> <!-- setUp -->
        <test-method signature="validateOrderCompletePagebackToProductsBtnTest()[pri:5, instance:com.qa.testcases.OrderCompletePageTest@5890e879]" started-at="2024-07-02T22:58:00 IST" name="validateOrderCompletePagebackToProductsBtnTest" finished-at="2024-07-02T22:58:01 IST" duration-ms="71" status="PASS">
          <reporter-output>
          </reporter-output>
        </test-method> <!-- validateOrderCompletePagebackToProductsBtnTest -->
        <test-method is-config="true" signature="tearDown()[pri:0, instance:com.qa.testcases.OrderCompletePageTest@5890e879]" started-at="2024-07-02T22:58:01 IST" name="tearDown" finished-at="2024-07-02T22:58:01 IST" duration-ms="182" status="PASS">
          <reporter-output>
          </reporter-output>
        </test-method> <!-- tearDown -->
      </class> <!-- com.qa.testcases.OrderCompletePageTest -->
      <class name="com.qa.testcases.HomePageTest">
        <test-method is-config="true" signature="setUp()[pri:0, instance:com.qa.testcases.HomePageTest@268f106e]" started-at="2024-07-02T22:56:48 IST" name="setUp" finished-at="2024-07-02T22:56:50 IST" duration-ms="1860" status="PASS">
          <reporter-output>
          </reporter-output>
        </test-method> <!-- setUp -->
        <test-method signature="validateHomePageLogoTest()[pri:1, instance:com.qa.testcases.HomePageTest@268f106e]" started-at="2024-07-02T22:56:50 IST" name="validateHomePageLogoTest" finished-at="2024-07-02T22:56:50 IST" duration-ms="43" status="PASS">
          <reporter-output>
          </reporter-output>
        </test-method> <!-- validateHomePageLogoTest -->
        <test-method is-config="true" signature="tearDown()[pri:0, instance:com.qa.testcases.HomePageTest@268f106e]" started-at="2024-07-02T22:56:50 IST" name="tearDown" finished-at="2024-07-02T22:56:50 IST" duration-ms="166" status="PASS">
          <reporter-output>
          </reporter-output>
        </test-method> <!-- tearDown -->
        <test-method is-config="true" signature="setUp()[pri:0, instance:com.qa.testcases.HomePageTest@268f106e]" started-at="2024-07-02T22:56:50 IST" name="setUp" finished-at="2024-07-02T22:56:52 IST" duration-ms="1931" status="PASS">
          <reporter-output>
          </reporter-output>
        </test-method> <!-- setUp -->
        <test-method signature="validateHomePageTotalProductsTest()[pri:2, instance:com.qa.testcases.HomePageTest@268f106e]" started-at="2024-07-02T22:56:52 IST" name="validateHomePageTotalProductsTest" finished-at="2024-07-02T22:56:52 IST" duration-ms="30" status="PASS">
          <reporter-output>
          </reporter-output>
        </test-method> <!-- validateHomePageTotalProductsTest -->
        <test-method is-config="true" signature="tearDown()[pri:0, instance:com.qa.testcases.HomePageTest@268f106e]" started-at="2024-07-02T22:56:52 IST" name="tearDown" finished-at="2024-07-02T22:56:52 IST" duration-ms="210" status="PASS">
          <reporter-output>
          </reporter-output>
        </test-method> <!-- tearDown -->
        <test-method is-config="true" signature="setUp()[pri:0, instance:com.qa.testcases.HomePageTest@268f106e]" started-at="2024-07-02T22:56:52 IST" name="setUp" finished-at="2024-07-02T22:56:54 IST" duration-ms="1832" status="PASS">
          <reporter-output>
          </reporter-output>
        </test-method> <!-- setUp -->
        <test-method signature="validateShoppingCartIconTest()[pri:3, instance:com.qa.testcases.HomePageTest@268f106e]" started-at="2024-07-02T22:56:54 IST" name="validateShoppingCartIconTest" finished-at="2024-07-02T22:56:54 IST" duration-ms="50" status="PASS">
          <reporter-output>
          </reporter-output>
        </test-method> <!-- validateShoppingCartIconTest -->
        <test-method is-config="true" signature="tearDown()[pri:0, instance:com.qa.testcases.HomePageTest@268f106e]" started-at="2024-07-02T22:56:54 IST" name="tearDown" finished-at="2024-07-02T22:56:54 IST" duration-ms="184" status="PASS">
          <reporter-output>
          </reporter-output>
        </test-method> <!-- tearDown -->
        <test-method is-config="true" signature="setUp()[pri:0, instance:com.qa.testcases.HomePageTest@268f106e]" started-at="2024-07-02T22:56:54 IST" name="setUp" finished-at="2024-07-02T22:56:56 IST" duration-ms="1959" status="PASS">
          <reporter-output>
          </reporter-output>
        </test-method> <!-- setUp -->
        <test-method signature="validateProductsNamesTest()[pri:4, instance:com.qa.testcases.HomePageTest@268f106e]" started-at="2024-07-02T22:56:56 IST" name="validateProductsNamesTest" finished-at="2024-07-02T22:56:56 IST" duration-ms="117" status="PASS">
          <reporter-output>
          </reporter-output>
        </test-method> <!-- validateProductsNamesTest -->
        <test-method is-config="true" signature="tearDown()[pri:0, instance:com.qa.testcases.HomePageTest@268f106e]" started-at="2024-07-02T22:56:56 IST" name="tearDown" finished-at="2024-07-02T22:56:56 IST" duration-ms="177" status="PASS">
          <reporter-output>
          </reporter-output>
        </test-method> <!-- tearDown -->
        <test-method is-config="true" signature="setUp()[pri:0, instance:com.qa.testcases.HomePageTest@268f106e]" started-at="2024-07-02T22:56:56 IST" name="setUp" finished-at="2024-07-02T22:56:58 IST" duration-ms="1922" status="PASS">
          <reporter-output>
          </reporter-output>
        </test-method> <!-- setUp -->
        <test-method signature="validateFilterDropdownTest()[pri:5, instance:com.qa.testcases.HomePageTest@268f106e]" started-at="2024-07-02T22:56:58 IST" name="validateFilterDropdownTest" finished-at="2024-07-02T22:56:58 IST" duration-ms="253" status="PASS">
          <reporter-output>
          </reporter-output>
        </test-method> <!-- validateFilterDropdownTest -->
        <test-method is-config="true" signature="tearDown()[pri:0, instance:com.qa.testcases.HomePageTest@268f106e]" started-at="2024-07-02T22:56:58 IST" name="tearDown" finished-at="2024-07-02T22:56:59 IST" duration-ms="176" status="PASS">
          <reporter-output>
          </reporter-output>
        </test-method> <!-- tearDown -->
        <test-method is-config="true" signature="setUp()[pri:0, instance:com.qa.testcases.HomePageTest@268f106e]" started-at="2024-07-02T22:56:59 IST" name="setUp" finished-at="2024-07-02T22:57:01 IST" duration-ms="1925" status="PASS">
          <reporter-output>
          </reporter-output>
        </test-method> <!-- setUp -->
        <test-method signature="validateSideMenuBarTest()[pri:6, instance:com.qa.testcases.HomePageTest@268f106e]" started-at="2024-07-02T22:57:01 IST" name="validateSideMenuBarTest" finished-at="2024-07-02T22:57:01 IST" duration-ms="764" status="PASS">
          <reporter-output>
          </reporter-output>
        </test-method> <!-- validateSideMenuBarTest -->
        <test-method is-config="true" signature="tearDown()[pri:0, instance:com.qa.testcases.HomePageTest@268f106e]" started-at="2024-07-02T22:57:01 IST" name="tearDown" finished-at="2024-07-02T22:57:02 IST" duration-ms="211" status="PASS">
          <reporter-output>
          </reporter-output>
        </test-method> <!-- tearDown -->
        <test-method is-config="true" signature="setUp()[pri:0, instance:com.qa.testcases.HomePageTest@268f106e]" started-at="2024-07-02T22:57:02 IST" name="setUp" finished-at="2024-07-02T22:57:04 IST" duration-ms="1981" status="PASS">
          <reporter-output>
          </reporter-output>
        </test-method> <!-- setUp -->
        <test-method signature="validateAddToCartTest()[pri:7, instance:com.qa.testcases.HomePageTest@268f106e]" started-at="2024-07-02T22:57:04 IST" name="validateAddToCartTest" finished-at="2024-07-02T22:57:04 IST" duration-ms="537" status="PASS">
          <reporter-output>
          </reporter-output>
        </test-method> <!-- validateAddToCartTest -->
        <test-method is-config="true" signature="tearDown()[pri:0, instance:com.qa.testcases.HomePageTest@268f106e]" started-at="2024-07-02T22:57:04 IST" name="tearDown" finished-at="2024-07-02T22:57:04 IST" duration-ms="174" status="PASS">
          <reporter-output>
          </reporter-output>
        </test-method> <!-- tearDown -->
      </class> <!-- com.qa.testcases.HomePageTest -->
      <class name="com.qa.testcases.CheckOutPageTest">
        <test-method is-config="true" signature="setUp()[pri:0, instance:com.qa.testcases.CheckOutPageTest@7e057f43]" started-at="2024-07-02T22:57:13 IST" name="setUp" finished-at="2024-07-02T22:57:16 IST" duration-ms="2586" status="PASS">
          <reporter-output>
          </reporter-output>
        </test-method> <!-- setUp -->
        <test-method signature="checkOutPageTitleTest()[pri:1, instance:com.qa.testcases.CheckOutPageTest@7e057f43]" started-at="2024-07-02T22:57:16 IST" name="checkOutPageTitleTest" finished-at="2024-07-02T22:57:16 IST" duration-ms="27" status="PASS">
          <reporter-output>
          </reporter-output>
        </test-method> <!-- checkOutPageTitleTest -->
        <test-method is-config="true" signature="tearDown()[pri:0, instance:com.qa.testcases.CheckOutPageTest@7e057f43]" started-at="2024-07-02T22:57:16 IST" name="tearDown" finished-at="2024-07-02T22:57:16 IST" duration-ms="213" status="PASS">
          <reporter-output>
          </reporter-output>
        </test-method> <!-- tearDown -->
        <test-method is-config="true" signature="setUp()[pri:0, instance:com.qa.testcases.CheckOutPageTest@7e057f43]" started-at="2024-07-02T22:57:16 IST" name="setUp" finished-at="2024-07-02T22:57:18 IST" duration-ms="2606" status="PASS">
          <reporter-output>
          </reporter-output>
        </test-method> <!-- setUp -->
        <test-method signature="validatecheckOutcancelBtnTest()[pri:2, instance:com.qa.testcases.CheckOutPageTest@7e057f43]" started-at="2024-07-02T22:57:18 IST" name="validatecheckOutcancelBtnTest" finished-at="2024-07-02T22:57:18 IST" duration-ms="84" status="PASS">
          <reporter-output>
          </reporter-output>
        </test-method> <!-- validatecheckOutcancelBtnTest -->
        <test-method is-config="true" signature="tearDown()[pri:0, instance:com.qa.testcases.CheckOutPageTest@7e057f43]" started-at="2024-07-02T22:57:18 IST" name="tearDown" finished-at="2024-07-02T22:57:19 IST" duration-ms="185" status="PASS">
          <reporter-output>
          </reporter-output>
        </test-method> <!-- tearDown -->
        <test-method is-config="true" signature="setUp()[pri:0, instance:com.qa.testcases.CheckOutPageTest@7e057f43]" started-at="2024-07-02T22:57:19 IST" name="setUp" finished-at="2024-07-02T22:57:21 IST" duration-ms="2647" status="PASS">
          <reporter-output>
          </reporter-output>
        </test-method> <!-- setUp -->
        <test-method signature="validatcheckOutDetailTest()[pri:3, instance:com.qa.testcases.CheckOutPageTest@7e057f43]" started-at="2024-07-02T22:57:21 IST" name="validatcheckOutDetailTest" finished-at="2024-07-02T22:57:22 IST" duration-ms="609" status="PASS">
          <reporter-output>
          </reporter-output>
        </test-method> <!-- validatcheckOutDetailTest -->
        <test-method is-config="true" signature="tearDown()[pri:0, instance:com.qa.testcases.CheckOutPageTest@7e057f43]" started-at="2024-07-02T22:57:22 IST" name="tearDown" finished-at="2024-07-02T22:57:22 IST" duration-ms="207" status="PASS">
          <reporter-output>
          </reporter-output>
        </test-method> <!-- tearDown -->
        <test-method is-config="true" signature="setUp()[pri:0, instance:com.qa.testcases.CheckOutPageTest@7e057f43]" started-at="2024-07-02T22:57:22 IST" name="setUp" finished-at="2024-07-02T22:57:25 IST" duration-ms="2564" status="PASS">
          <reporter-output>
          </reporter-output>
        </test-method> <!-- setUp -->
        <test-method signature="validatcheckOutDetailsTest(java.lang.String,java.lang.String,java.lang.String)[pri:4, instance:com.qa.testcases.CheckOutPageTest@7e057f43]" started-at="2024-07-02T22:57:25 IST" name="validatcheckOutDetailsTest" data-provider="getcheckOutPageTestData" finished-at="2024-07-02T22:57:25 IST" duration-ms="458" status="PASS">
          <params>
            <param index="0">
              <value>
                <![CDATA[Tom]]>
              </value>
            </param>
            <param index="1">
              <value>
                <![CDATA[Smith]]>
              </value>
            </param>
            <param index="2">
              <value>
                <![CDATA[411001.0]]>
              </value>
            </param>
          </params>
          <reporter-output>
          </reporter-output>
        </test-method> <!-- validatcheckOutDetailsTest -->
        <test-method is-config="true" signature="tearDown()[pri:0, instance:com.qa.testcases.CheckOutPageTest@7e057f43]" started-at="2024-07-02T22:57:25 IST" name="tearDown" finished-at="2024-07-02T22:57:25 IST" duration-ms="225" status="PASS">
          <reporter-output>
          </reporter-output>
        </test-method> <!-- tearDown -->
        <test-method is-config="true" signature="setUp()[pri:0, instance:com.qa.testcases.CheckOutPageTest@7e057f43]" started-at="2024-07-02T22:57:25 IST" name="setUp" finished-at="2024-07-02T22:57:28 IST" duration-ms="2502" status="PASS">
          <reporter-output>
          </reporter-output>
        </test-method> <!-- setUp -->
        <test-method signature="validatcheckOutDetailsTest(java.lang.String,java.lang.String,java.lang.String)[pri:4, instance:com.qa.testcases.CheckOutPageTest@7e057f43]" started-at="2024-07-02T22:57:28 IST" name="validatcheckOutDetailsTest" data-provider="getcheckOutPageTestData" finished-at="2024-07-02T22:57:28 IST" duration-ms="388" status="PASS">
          <params>
            <param index="0">
              <value>
                <![CDATA[Jack]]>
              </value>
            </param>
            <param index="1">
              <value>
                <![CDATA[Brown]]>
              </value>
            </param>
            <param index="2">
              <value>
                <![CDATA[411002.0]]>
              </value>
            </param>
          </params>
          <reporter-output>
          </reporter-output>
        </test-method> <!-- validatcheckOutDetailsTest -->
        <test-method is-config="true" signature="tearDown()[pri:0, instance:com.qa.testcases.CheckOutPageTest@7e057f43]" started-at="2024-07-02T22:57:28 IST" name="tearDown" finished-at="2024-07-02T22:57:28 IST" duration-ms="171" status="PASS">
          <reporter-output>
          </reporter-output>
        </test-method> <!-- tearDown -->
        <test-method is-config="true" signature="setUp()[pri:0, instance:com.qa.testcases.CheckOutPageTest@7e057f43]" started-at="2024-07-02T22:57:28 IST" name="setUp" finished-at="2024-07-02T22:57:31 IST" duration-ms="2557" status="PASS">
          <reporter-output>
          </reporter-output>
        </test-method> <!-- setUp -->
        <test-method signature="validatcheckOutDetailsTest(java.lang.String,java.lang.String,java.lang.String)[pri:4, instance:com.qa.testcases.CheckOutPageTest@7e057f43]" started-at="2024-07-02T22:57:31 IST" name="validatcheckOutDetailsTest" data-provider="getcheckOutPageTestData" finished-at="2024-07-02T22:57:32 IST" duration-ms="517" status="PASS">
          <params>
            <param index="0">
              <value>
                <![CDATA[Nick]]>
              </value>
            </param>
            <param index="1">
              <value>
                <![CDATA[Williams]]>
              </value>
            </param>
            <param index="2">
              <value>
                <![CDATA[411003.0]]>
              </value>
            </param>
          </params>
          <reporter-output>
          </reporter-output>
        </test-method> <!-- validatcheckOutDetailsTest -->
        <test-method is-config="true" signature="tearDown()[pri:0, instance:com.qa.testcases.CheckOutPageTest@7e057f43]" started-at="2024-07-02T22:57:32 IST" name="tearDown" finished-at="2024-07-02T22:57:32 IST" duration-ms="196" status="PASS">
          <reporter-output>
          </reporter-output>
        </test-method> <!-- tearDown -->
        <test-method is-config="true" signature="setUp()[pri:0, instance:com.qa.testcases.CheckOutPageTest@7e057f43]" started-at="2024-07-02T22:57:32 IST" name="setUp" finished-at="2024-07-02T22:57:34 IST" duration-ms="2656" status="PASS">
          <reporter-output>
          </reporter-output>
        </test-method> <!-- setUp -->
        <test-method signature="validatcheckOutDetailsTest(java.lang.String,java.lang.String,java.lang.String)[pri:4, instance:com.qa.testcases.CheckOutPageTest@7e057f43]" started-at="2024-07-02T22:57:34 IST" name="validatcheckOutDetailsTest" data-provider="getcheckOutPageTestData" finished-at="2024-07-02T22:57:35 IST" duration-ms="379" status="PASS">
          <params>
            <param index="0">
              <value>
                <![CDATA[Jordan]]>
              </value>
            </param>
            <param index="1">
              <value>
                <![CDATA[Davis]]>
              </value>
            </param>
            <param index="2">
              <value>
                <![CDATA[411004.0]]>
              </value>
            </param>
          </params>
          <reporter-output>
          </reporter-output>
        </test-method> <!-- validatcheckOutDetailsTest -->
        <test-method is-config="true" signature="tearDown()[pri:0, instance:com.qa.testcases.CheckOutPageTest@7e057f43]" started-at="2024-07-02T22:57:35 IST" name="tearDown" finished-at="2024-07-02T22:57:35 IST" duration-ms="217" status="PASS">
          <reporter-output>
          </reporter-output>
        </test-method> <!-- tearDown -->
      </class> <!-- com.qa.testcases.CheckOutPageTest -->
      <class name="com.qa.testcases.OrderConfirmationPageTest">
        <test-method is-config="true" signature="setUp()[pri:0, instance:com.qa.testcases.OrderConfirmationPageTest@6c284af]" started-at="2024-07-02T22:57:35 IST" name="setUp" finished-at="2024-07-02T22:57:38 IST" duration-ms="3019" status="PASS">
          <reporter-output>
          </reporter-output>
        </test-method> <!-- setUp -->
        <test-method signature="validateOrderConfirmationPageTitleTest()[pri:1, instance:com.qa.testcases.OrderConfirmationPageTest@6c284af]" started-at="2024-07-02T22:57:38 IST" name="validateOrderConfirmationPageTitleTest" finished-at="2024-07-02T22:57:38 IST" duration-ms="28" status="PASS">
          <reporter-output>
          </reporter-output>
        </test-method> <!-- validateOrderConfirmationPageTitleTest -->
        <test-method is-config="true" signature="tearDown()[pri:0, instance:com.qa.testcases.OrderConfirmationPageTest@6c284af]" started-at="2024-07-02T22:57:38 IST" name="tearDown" finished-at="2024-07-02T22:57:38 IST" duration-ms="160" status="PASS">
          <reporter-output>
          </reporter-output>
        </test-method> <!-- tearDown -->
        <test-method is-config="true" signature="setUp()[pri:0, instance:com.qa.testcases.OrderConfirmationPageTest@6c284af]" started-at="2024-07-02T22:57:38 IST" name="setUp" finished-at="2024-07-02T22:57:41 IST" duration-ms="2900" status="PASS">
          <reporter-output>
          </reporter-output>
        </test-method> <!-- setUp -->
        <test-method signature="validateOrderConfirmationPagecancelBtnTest()[pri:2, instance:com.qa.testcases.OrderConfirmationPageTest@6c284af]" started-at="2024-07-02T22:57:41 IST" name="validateOrderConfirmationPagecancelBtnTest" finished-at="2024-07-02T22:57:41 IST" duration-ms="64" status="PASS">
          <reporter-output>
          </reporter-output>
        </test-method> <!-- validateOrderConfirmationPagecancelBtnTest -->
        <test-method is-config="true" signature="tearDown()[pri:0, instance:com.qa.testcases.OrderConfirmationPageTest@6c284af]" started-at="2024-07-02T22:57:41 IST" name="tearDown" finished-at="2024-07-02T22:57:41 IST" duration-ms="172" status="PASS">
          <reporter-output>
          </reporter-output>
        </test-method> <!-- tearDown -->
        <test-method is-config="true" signature="setUp()[pri:0, instance:com.qa.testcases.OrderConfirmationPageTest@6c284af]" started-at="2024-07-02T22:57:41 IST" name="setUp" finished-at="2024-07-02T22:57:44 IST" duration-ms="2951" status="PASS">
          <reporter-output>
          </reporter-output>
        </test-method> <!-- setUp -->
        <test-method signature="validateOrderConfirmationPagefinishBtnTest()[pri:3, instance:com.qa.testcases.OrderConfirmationPageTest@6c284af]" started-at="2024-07-02T22:57:44 IST" name="validateOrderConfirmationPagefinishBtnTest" finished-at="2024-07-02T22:57:44 IST" duration-ms="69" status="PASS">
          <reporter-output>
          </reporter-output>
        </test-method> <!-- validateOrderConfirmationPagefinishBtnTest -->
        <test-method is-config="true" signature="tearDown()[pri:0, instance:com.qa.testcases.OrderConfirmationPageTest@6c284af]" started-at="2024-07-02T22:57:44 IST" name="tearDown" finished-at="2024-07-02T22:57:45 IST" duration-ms="193" status="PASS">
          <reporter-output>
          </reporter-output>
        </test-method> <!-- tearDown -->
      </class> <!-- com.qa.testcases.OrderConfirmationPageTest -->
      <class name="com.qa.testcases.CartPageTest">
        <test-method is-config="true" signature="setUp()[pri:0, instance:com.qa.testcases.CartPageTest@6e9a5ed8]" started-at="2024-07-02T22:57:04 IST" name="setUp" finished-at="2024-07-02T22:57:07 IST" duration-ms="2476" status="PASS">
          <reporter-output>
          </reporter-output>
        </test-method> <!-- setUp -->
        <test-method signature="validatecartTitleTest()[pri:1, instance:com.qa.testcases.CartPageTest@6e9a5ed8]" started-at="2024-07-02T22:57:07 IST" name="validatecartTitleTest" finished-at="2024-07-02T22:57:07 IST" duration-ms="35" status="PASS">
          <reporter-output>
          </reporter-output>
        </test-method> <!-- validatecartTitleTest -->
        <test-method is-config="true" signature="tearDown()[pri:0, instance:com.qa.testcases.CartPageTest@6e9a5ed8]" started-at="2024-07-02T22:57:07 IST" name="tearDown" finished-at="2024-07-02T22:57:07 IST" duration-ms="193" status="PASS">
          <reporter-output>
          </reporter-output>
        </test-method> <!-- tearDown -->
        <test-method is-config="true" signature="setUp()[pri:0, instance:com.qa.testcases.CartPageTest@6e9a5ed8]" started-at="2024-07-02T22:57:07 IST" name="setUp" finished-at="2024-07-02T22:57:10 IST" duration-ms="2729" status="PASS">
          <reporter-output>
          </reporter-output>
        </test-method> <!-- setUp -->
        <test-method signature="validatecontinueShoppingbtnTest()[pri:2, instance:com.qa.testcases.CartPageTest@6e9a5ed8]" started-at="2024-07-02T22:57:10 IST" name="validatecontinueShoppingbtnTest" finished-at="2024-07-02T22:57:10 IST" duration-ms="175" status="PASS">
          <reporter-output>
          </reporter-output>
        </test-method> <!-- validatecontinueShoppingbtnTest -->
        <test-method is-config="true" signature="tearDown()[pri:0, instance:com.qa.testcases.CartPageTest@6e9a5ed8]" started-at="2024-07-02T22:57:10 IST" name="tearDown" finished-at="2024-07-02T22:57:10 IST" duration-ms="173" status="PASS">
          <reporter-output>
          </reporter-output>
        </test-method> <!-- tearDown -->
        <test-method is-config="true" signature="setUp()[pri:0, instance:com.qa.testcases.CartPageTest@6e9a5ed8]" started-at="2024-07-02T22:57:10 IST" name="setUp" finished-at="2024-07-02T22:57:13 IST" duration-ms="2580" status="PASS">
          <reporter-output>
          </reporter-output>
        </test-method> <!-- setUp -->
        <test-method signature="validateremovebtnTest()[pri:3, instance:com.qa.testcases.CartPageTest@6e9a5ed8]" started-at="2024-07-02T22:57:13 IST" name="validateremovebtnTest" finished-at="2024-07-02T22:57:13 IST" duration-ms="166" status="PASS">
          <reporter-output>
          </reporter-output>
        </test-method> <!-- validateremovebtnTest -->
        <test-method is-config="true" signature="tearDown()[pri:0, instance:com.qa.testcases.CartPageTest@6e9a5ed8]" started-at="2024-07-02T22:57:13 IST" name="tearDown" finished-at="2024-07-02T22:57:13 IST" duration-ms="188" status="PASS">
          <reporter-output>
          </reporter-output>
        </test-method> <!-- tearDown -->
      </class> <!-- com.qa.testcases.CartPageTest -->
      <class name="com.qa.testcases.LoginPageTest">
        <test-method is-config="true" signature="setUp()[pri:0, instance:com.qa.testcases.LoginPageTest@795509d9]" started-at="2024-07-02T22:56:20 IST" name="setUp" finished-at="2024-07-02T22:56:23 IST" duration-ms="2577" status="PASS">
          <reporter-output>
          </reporter-output>
        </test-method> <!-- setUp -->
        <test-method signature="validateLoginPageTitleTest()[pri:1, instance:com.qa.testcases.LoginPageTest@795509d9]" started-at="2024-07-02T22:56:23 IST" name="validateLoginPageTitleTest" finished-at="2024-07-02T22:56:23 IST" duration-ms="18" status="PASS">
          <reporter-output>
          </reporter-output>
        </test-method> <!-- validateLoginPageTitleTest -->
        <test-method is-config="true" signature="tearDown()[pri:0, instance:com.qa.testcases.LoginPageTest@795509d9]" started-at="2024-07-02T22:56:23 IST" name="tearDown" finished-at="2024-07-02T22:56:23 IST" duration-ms="164" status="PASS">
          <reporter-output>
          </reporter-output>
        </test-method> <!-- tearDown -->
        <test-method is-config="true" signature="setUp()[pri:0, instance:com.qa.testcases.LoginPageTest@795509d9]" started-at="2024-07-02T22:56:23 IST" name="setUp" finished-at="2024-07-02T22:56:25 IST" duration-ms="1563" status="PASS">
          <reporter-output>
          </reporter-output>
        </test-method> <!-- setUp -->
        <test-method signature="validateloginLogoTest()[pri:2, instance:com.qa.testcases.LoginPageTest@795509d9]" started-at="2024-07-02T22:56:25 IST" name="validateloginLogoTest" finished-at="2024-07-02T22:56:25 IST" duration-ms="72" status="PASS">
          <reporter-output>
          </reporter-output>
        </test-method> <!-- validateloginLogoTest -->
        <test-method is-config="true" signature="tearDown()[pri:0, instance:com.qa.testcases.LoginPageTest@795509d9]" started-at="2024-07-02T22:56:25 IST" name="tearDown" finished-at="2024-07-02T22:56:25 IST" duration-ms="176" status="PASS">
          <reporter-output>
          </reporter-output>
        </test-method> <!-- tearDown -->
        <test-method is-config="true" signature="setUp()[pri:0, instance:com.qa.testcases.LoginPageTest@795509d9]" started-at="2024-07-02T22:56:25 IST" name="setUp" finished-at="2024-07-02T22:56:27 IST" duration-ms="1661" status="PASS">
          <reporter-output>
          </reporter-output>
        </test-method> <!-- setUp -->
        <test-method signature="validateLoginPageErrorTest()[pri:3, instance:com.qa.testcases.LoginPageTest@795509d9]" started-at="2024-07-02T22:56:27 IST" name="validateLoginPageErrorTest" finished-at="2024-07-02T22:56:27 IST" duration-ms="167" status="PASS">
          <reporter-output>
          </reporter-output>
        </test-method> <!-- validateLoginPageErrorTest -->
        <test-method is-config="true" signature="tearDown()[pri:0, instance:com.qa.testcases.LoginPageTest@795509d9]" started-at="2024-07-02T22:56:27 IST" name="tearDown" finished-at="2024-07-02T22:56:27 IST" duration-ms="215" status="PASS">
          <reporter-output>
          </reporter-output>
        </test-method> <!-- tearDown -->
        <test-method is-config="true" signature="setUp()[pri:0, instance:com.qa.testcases.LoginPageTest@795509d9]" started-at="2024-07-02T22:56:27 IST" name="setUp" finished-at="2024-07-02T22:56:28 IST" duration-ms="1403" status="PASS">
          <reporter-output>
          </reporter-output>
        </test-method> <!-- setUp -->
        <test-method signature="validateLoginTest()[pri:4, instance:com.qa.testcases.LoginPageTest@795509d9]" started-at="2024-07-02T22:56:28 IST" name="validateLoginTest" finished-at="2024-07-02T22:56:29 IST" duration-ms="432" status="PASS">
          <reporter-output>
          </reporter-output>
        </test-method> <!-- validateLoginTest -->
        <test-method is-config="true" signature="tearDown()[pri:0, instance:com.qa.testcases.LoginPageTest@795509d9]" started-at="2024-07-02T22:56:29 IST" name="tearDown" finished-at="2024-07-02T22:56:29 IST" duration-ms="193" status="PASS">
          <reporter-output>
          </reporter-output>
        </test-method> <!-- tearDown -->
        <test-method is-config="true" signature="setUp()[pri:0, instance:com.qa.testcases.LoginPageTest@795509d9]" started-at="2024-07-02T22:56:30 IST" name="setUp" finished-at="2024-07-02T22:56:31 IST" duration-ms="1425" status="PASS">
          <reporter-output>
          </reporter-output>
        </test-method> <!-- setUp -->
        <test-method signature="validateLoginTest(java.lang.String,java.lang.String)[pri:5, instance:com.qa.testcases.LoginPageTest@795509d9]" started-at="2024-07-02T22:56:31 IST" name="validateLoginTest" data-provider="getLoginPageTestData" finished-at="2024-07-02T22:56:32 IST" duration-ms="405" status="PASS">
          <params>
            <param index="0">
              <value>
                <![CDATA[standard-user]]>
              </value>
            </param>
            <param index="1">
              <value>
                <![CDATA[secret_sauce]]>
              </value>
            </param>
          </params>
          <reporter-output>
          </reporter-output>
        </test-method> <!-- validateLoginTest -->
        <test-method is-config="true" signature="tearDown()[pri:0, instance:com.qa.testcases.LoginPageTest@795509d9]" started-at="2024-07-02T22:56:32 IST" name="tearDown" finished-at="2024-07-02T22:56:32 IST" duration-ms="172" status="PASS">
          <reporter-output>
          </reporter-output>
        </test-method> <!-- tearDown -->
        <test-method is-config="true" signature="setUp()[pri:0, instance:com.qa.testcases.LoginPageTest@795509d9]" started-at="2024-07-02T22:56:32 IST" name="setUp" finished-at="2024-07-02T22:56:33 IST" duration-ms="1552" status="PASS">
          <reporter-output>
          </reporter-output>
        </test-method> <!-- setUp -->
        <test-method signature="validateLoginTest(java.lang.String,java.lang.String)[pri:5, instance:com.qa.testcases.LoginPageTest@795509d9]" started-at="2024-07-02T22:56:33 IST" name="validateLoginTest" data-provider="getLoginPageTestData" finished-at="2024-07-02T22:56:34 IST" duration-ms="416" status="PASS">
          <params>
            <param index="0">
              <value>
                <![CDATA[locked_out_user]]>
              </value>
            </param>
            <param index="1">
              <value>
                <![CDATA[secret_sauce]]>
              </value>
            </param>
          </params>
          <reporter-output>
          </reporter-output>
        </test-method> <!-- validateLoginTest -->
        <test-method is-config="true" signature="tearDown()[pri:0, instance:com.qa.testcases.LoginPageTest@795509d9]" started-at="2024-07-02T22:56:34 IST" name="tearDown" finished-at="2024-07-02T22:56:34 IST" duration-ms="168" status="PASS">
          <reporter-output>
          </reporter-output>
        </test-method> <!-- tearDown -->
        <test-method is-config="true" signature="setUp()[pri:0, instance:com.qa.testcases.LoginPageTest@795509d9]" started-at="2024-07-02T22:56:34 IST" name="setUp" finished-at="2024-07-02T22:56:35 IST" duration-ms="1090" status="PASS">
          <reporter-output>
          </reporter-output>
        </test-method> <!-- setUp -->
        <test-method signature="validateLoginTest(java.lang.String,java.lang.String)[pri:5, instance:com.qa.testcases.LoginPageTest@795509d9]" started-at="2024-07-02T22:56:35 IST" name="validateLoginTest" data-provider="getLoginPageTestData" finished-at="2024-07-02T22:56:36 IST" duration-ms="794" status="PASS">
          <params>
            <param index="0">
              <value>
                <![CDATA[problem_user]]>
              </value>
            </param>
            <param index="1">
              <value>
                <![CDATA[secret_sauce]]>
              </value>
            </param>
          </params>
          <reporter-output>
          </reporter-output>
        </test-method> <!-- validateLoginTest -->
        <test-method is-config="true" signature="tearDown()[pri:0, instance:com.qa.testcases.LoginPageTest@795509d9]" started-at="2024-07-02T22:56:36 IST" name="tearDown" finished-at="2024-07-02T22:56:36 IST" duration-ms="182" status="PASS">
          <reporter-output>
          </reporter-output>
        </test-method> <!-- tearDown -->
        <test-method is-config="true" signature="setUp()[pri:0, instance:com.qa.testcases.LoginPageTest@795509d9]" started-at="2024-07-02T22:56:36 IST" name="setUp" finished-at="2024-07-02T22:56:38 IST" duration-ms="1836" status="PASS">
          <reporter-output>
          </reporter-output>
        </test-method> <!-- setUp -->
        <test-method signature="validateLoginTest(java.lang.String,java.lang.String)[pri:5, instance:com.qa.testcases.LoginPageTest@795509d9]" started-at="2024-07-02T22:56:38 IST" name="validateLoginTest" data-provider="getLoginPageTestData" finished-at="2024-07-02T22:56:43 IST" duration-ms="5445" status="PASS">
          <params>
            <param index="0">
              <value>
                <![CDATA[performance_glitch_user]]>
              </value>
            </param>
            <param index="1">
              <value>
                <![CDATA[secret_sauce]]>
              </value>
            </param>
          </params>
          <reporter-output>
          </reporter-output>
        </test-method> <!-- validateLoginTest -->
        <test-method is-config="true" signature="tearDown()[pri:0, instance:com.qa.testcases.LoginPageTest@795509d9]" started-at="2024-07-02T22:56:43 IST" name="tearDown" finished-at="2024-07-02T22:56:44 IST" duration-ms="178" status="PASS">
          <reporter-output>
          </reporter-output>
        </test-method> <!-- tearDown -->
        <test-method is-config="true" signature="setUp()[pri:0, instance:com.qa.testcases.LoginPageTest@795509d9]" started-at="2024-07-02T22:56:44 IST" name="setUp" finished-at="2024-07-02T22:56:45 IST" duration-ms="1369" status="PASS">
          <reporter-output>
          </reporter-output>
        </test-method> <!-- setUp -->
        <test-method signature="validateLoginTest(java.lang.String,java.lang.String)[pri:5, instance:com.qa.testcases.LoginPageTest@795509d9]" started-at="2024-07-02T22:56:45 IST" name="validateLoginTest" data-provider="getLoginPageTestData" finished-at="2024-07-02T22:56:45 IST" duration-ms="445" status="PASS">
          <params>
            <param index="0">
              <value>
                <![CDATA[error_user]]>
              </value>
            </param>
            <param index="1">
              <value>
                <![CDATA[secret_sauce]]>
              </value>
            </param>
          </params>
          <reporter-output>
          </reporter-output>
        </test-method> <!-- validateLoginTest -->
        <test-method is-config="true" signature="tearDown()[pri:0, instance:com.qa.testcases.LoginPageTest@795509d9]" started-at="2024-07-02T22:56:45 IST" name="tearDown" finished-at="2024-07-02T22:56:46 IST" duration-ms="180" status="PASS">
          <reporter-output>
          </reporter-output>
        </test-method> <!-- tearDown -->
        <test-method is-config="true" signature="setUp()[pri:0, instance:com.qa.testcases.LoginPageTest@795509d9]" started-at="2024-07-02T22:56:46 IST" name="setUp" finished-at="2024-07-02T22:56:47 IST" duration-ms="1522" status="PASS">
          <reporter-output>
          </reporter-output>
        </test-method> <!-- setUp -->
        <test-method signature="validateLoginTest(java.lang.String,java.lang.String)[pri:5, instance:com.qa.testcases.LoginPageTest@795509d9]" started-at="2024-07-02T22:56:47 IST" name="validateLoginTest" data-provider="getLoginPageTestData" finished-at="2024-07-02T22:56:48 IST" duration-ms="433" status="PASS">
          <params>
            <param index="0">
              <value>
                <![CDATA[visual_user]]>
              </value>
            </param>
            <param index="1">
              <value>
                <![CDATA[secret_sauce]]>
              </value>
            </param>
          </params>
          <reporter-output>
          </reporter-output>
        </test-method> <!-- validateLoginTest -->
        <test-method is-config="true" signature="tearDown()[pri:0, instance:com.qa.testcases.LoginPageTest@795509d9]" started-at="2024-07-02T22:56:48 IST" name="tearDown" finished-at="2024-07-02T22:56:48 IST" duration-ms="184" status="PASS">
          <reporter-output>
          </reporter-output>
        </test-method> <!-- tearDown -->
      </class> <!-- com.qa.testcases.LoginPageTest -->
    </test> <!-- Swag_LabsDemo Automation Test -->
  </suite> <!-- Page Object Model [POM] Test Automation Suite -->
</testng-results>
