<?xml version="1.0" encoding="UTF-8"?>
<!-- Generated by org.testng.reporters.JUnitXMLReporter -->
<testsuite ignored="0" hostname="DESKTOP-HK2JNRF" failures="0" tests="35" name="Swag_LabsDemo Automation Test" time="100.509" errors="0" timestamp="2024-07-02T22:58:01 IST">
  <testcase classname="com.qa.testcases.LoginPageTest" name="validateLoginPageTitleTest" time="0.018"/>
  <testcase classname="com.qa.testcases.LoginPageTest" name="validateloginLogoTest" time="0.072"/>
  <testcase classname="com.qa.testcases.LoginPageTest" name="validateLoginPageErrorTest" time="0.167"/>
  <testcase classname="com.qa.testcases.LoginPageTest" name="validateLoginTest" time="0.432"/>
  <testcase classname="com.qa.testcases.LoginPageTest" name="validateLoginTest" time="0.405"/>
  <testcase classname="com.qa.testcases.LoginPageTest" name="validateLoginTest" time="0.416"/>
  <testcase classname="com.qa.testcases.LoginPageTest" name="validateLoginTest" time="0.794"/>
  <testcase classname="com.qa.testcases.LoginPageTest" name="validateLoginTest" time="5.445"/>
  <testcase classname="com.qa.testcases.LoginPageTest" name="validateLoginTest" time="0.445"/>
  <testcase classname="com.qa.testcases.LoginPageTest" name="validateLoginTest" time="0.433"/>
  <testcase classname="com.qa.testcases.HomePageTest" name="validateHomePageLogoTest" time="0.043"/>
  <testcase classname="com.qa.testcases.HomePageTest" name="validateHomePageTotalProductsTest" time="0.03"/>
  <testcase classname="com.qa.testcases.HomePageTest" name="validateShoppingCartIconTest" time="0.05"/>
  <testcase classname="com.qa.testcases.HomePageTest" name="validateProductsNamesTest" time="0.117"/>
  <testcase classname="com.qa.testcases.HomePageTest" name="validateFilterDropdownTest" time="0.253"/>
  <testcase classname="com.qa.testcases.HomePageTest" name="validateSideMenuBarTest" time="0.764"/>
  <testcase classname="com.qa.testcases.HomePageTest" name="validateAddToCartTest" time="0.537"/>
  <testcase classname="com.qa.testcases.CartPageTest" name="validatecartTitleTest" time="0.035"/>
  <testcase classname="com.qa.testcases.CartPageTest" name="validatecontinueShoppingbtnTest" time="0.175"/>
  <testcase classname="com.qa.testcases.CartPageTest" name="validateremovebtnTest" time="0.166"/>
  <testcase classname="com.qa.testcases.CheckOutPageTest" name="checkOutPageTitleTest" time="0.027"/>
  <testcase classname="com.qa.testcases.CheckOutPageTest" name="validatecheckOutcancelBtnTest" time="0.084"/>
  <testcase classname="com.qa.testcases.CheckOutPageTest" name="validatcheckOutDetailTest" time="0.609"/>
  <testcase classname="com.qa.testcases.CheckOutPageTest" name="validatcheckOutDetailsTest" time="0.458"/>
  <testcase classname="com.qa.testcases.CheckOutPageTest" name="validatcheckOutDetailsTest" time="0.388"/>
  <testcase classname="com.qa.testcases.CheckOutPageTest" name="validatcheckOutDetailsTest" time="0.517"/>
  <testcase classname="com.qa.testcases.CheckOutPageTest" name="validatcheckOutDetailsTest" time="0.379"/>
  <testcase classname="com.qa.testcases.OrderConfirmationPageTest" name="validateOrderConfirmationPageTitleTest" time="0.028"/>
  <testcase classname="com.qa.testcases.OrderConfirmationPageTest" name="validateOrderConfirmationPagecancelBtnTest" time="0.064"/>
  <testcase classname="com.qa.testcases.OrderConfirmationPageTest" name="validateOrderConfirmationPagefinishBtnTest" time="0.069"/>
  <testcase classname="com.qa.testcases.OrderCompletePageTest" name="validateOrderCompletePageTitleTest" time="0.03"/>
  <testcase classname="com.qa.testcases.OrderCompletePageTest" name="validateOrderCompletePageLogoTest" time="0.034"/>
  <testcase classname="com.qa.testcases.OrderCompletePageTest" name="validateOrderCompletePageordersuccessfulMessageTest" time="0.153"/>
  <testcase classname="com.qa.testcases.OrderCompletePageTest" name="validateOrderCompletePageMessageTest" time="0.033"/>
  <testcase classname="com.qa.testcases.OrderCompletePageTest" name="validateOrderCompletePagebackToProductsBtnTest" time="0.071"/>
</testsuite> <!-- Swag_LabsDemo Automation Test -->
