<?xml version="1.0" encoding="UTF-8"?>
<!-- Generated by org.testng.reporters.JUnitXMLReporter -->
<testsuite ignored="0" hostname="DESKTOP-HK2JNRF" failures="0" tests="35" name="Swag_Labs Automtion Test" time="95.654" errors="0" timestamp="2024-06-02T20:28:52 IST">
  <testcase classname="com.qa.testcases.LoginPageTest" name="validateLoginPageTitleTest" time="0.018"/>
  <testcase classname="com.qa.testcases.LoginPageTest" name="validateloginLogoTest" time="0.058"/>
  <testcase classname="com.qa.testcases.LoginPageTest" name="validateLoginPageErrorTest" time="0.125"/>
  <testcase classname="com.qa.testcases.LoginPageTest" name="validateLoginTest" time="0.465"/>
  <testcase classname="com.qa.testcases.LoginPageTest" name="validateLoginTest" time="0.431"/>
  <testcase classname="com.qa.testcases.LoginPageTest" name="validateLoginTest" time="0.386"/>
  <testcase classname="com.qa.testcases.LoginPageTest" name="validateLoginTest" time="0.444"/>
  <testcase classname="com.qa.testcases.LoginPageTest" name="validateLoginTest" time="5.431"/>
  <testcase classname="com.qa.testcases.LoginPageTest" name="validateLoginTest" time="0.399"/>
  <testcase classname="com.qa.testcases.LoginPageTest" name="validateLoginTest" time="0.449"/>
  <testcase classname="com.qa.testcases.HomePageTest" name="validateHomePageLogoTest" time="0.03"/>
  <testcase classname="com.qa.testcases.HomePageTest" name="validateHomePageTotalProductsTest" time="0.023"/>
  <testcase classname="com.qa.testcases.HomePageTest" name="validateShoppingCartIconTest" time="0.038"/>
  <testcase classname="com.qa.testcases.HomePageTest" name="validateProductsNamesTest" time="0.138"/>
  <testcase classname="com.qa.testcases.HomePageTest" name="validateFilterDropdownTest" time="0.198"/>
  <testcase classname="com.qa.testcases.HomePageTest" name="validateSideMenuBarTest" time="0.77"/>
  <testcase classname="com.qa.testcases.HomePageTest" name="validateAddToCartTest" time="0.554"/>
  <testcase classname="com.qa.testcases.CartPageTest" name="validatecartTitleTest" time="0.025"/>
  <testcase classname="com.qa.testcases.CartPageTest" name="validatecontinueShoppingbtnTest" time="0.1"/>
  <testcase classname="com.qa.testcases.CartPageTest" name="validateremovebtnTest" time="0.139"/>
  <testcase classname="com.qa.testcases.CheckOutPageTest" name="checkOutPageTitleTest" time="0.027"/>
  <testcase classname="com.qa.testcases.CheckOutPageTest" name="validatecheckOutcancelBtnTest" time="0.063"/>
  <testcase classname="com.qa.testcases.CheckOutPageTest" name="validatcheckOutDetailTest" time="0.397"/>
  <testcase classname="com.qa.testcases.CheckOutPageTest" name="validatcheckOutDetailsTest" time="0.393"/>
  <testcase classname="com.qa.testcases.CheckOutPageTest" name="validatcheckOutDetailsTest" time="0.387"/>
  <testcase classname="com.qa.testcases.CheckOutPageTest" name="validatcheckOutDetailsTest" time="0.377"/>
  <testcase classname="com.qa.testcases.CheckOutPageTest" name="validatcheckOutDetailsTest" time="0.42"/>
  <testcase classname="com.qa.testcases.OrderCompletePageTest" name="validateOrderCompletePageTitleTest" time="0.029"/>
  <testcase classname="com.qa.testcases.OrderCompletePageTest" name="validateOrderCompletePageLogoTest" time="0.034"/>
  <testcase classname="com.qa.testcases.OrderCompletePageTest" name="validateOrderCompletePageordersuccessfulMessageTest" time="0.2"/>
  <testcase classname="com.qa.testcases.OrderCompletePageTest" name="validateOrderCompletePageMessageTest" time="0.034"/>
  <testcase classname="com.qa.testcases.OrderCompletePageTest" name="validateOrderCompletePagebackToProductsBtnTest" time="0.08"/>
  <testcase classname="com.qa.testcases.OrderConfirmationPageTest" name="validateOrderConfirmationPageTitleTest" time="0.031"/>
  <testcase classname="com.qa.testcases.OrderConfirmationPageTest" name="validateOrderConfirmationPagecancelBtnTest" time="0.114"/>
  <testcase classname="com.qa.testcases.OrderConfirmationPageTest" name="validateOrderConfirmationPagefinishBtnTest" time="0.109"/>
</testsuite> <!-- Swag_Labs Automtion Test -->
