<?xml version="1.0" encoding="UTF-8"?>
<!-- Generated by org.testng.reporters.JUnitXMLReporter -->
<testsuite ignored="0" hostname="DESKTOP-HK2JNRF" failures="0" tests="35" name="Swag_LabsDemo Automtion Test" time="102.37" errors="0" timestamp="2024-06-05T17:02:58 IST">
  <testcase classname="com.qa.testcases.LoginPageTest" name="validateLoginPageTitleTest" time="0.027"/>
  <testcase classname="com.qa.testcases.LoginPageTest" name="validateloginLogoTest" time="0.065"/>
  <testcase classname="com.qa.testcases.LoginPageTest" name="validateLoginPageErrorTest" time="0.161"/>
  <testcase classname="com.qa.testcases.LoginPageTest" name="validateLoginTest" time="0.455"/>
  <testcase classname="com.qa.testcases.LoginPageTest" name="validateLoginTest" time="0.413"/>
  <testcase classname="com.qa.testcases.LoginPageTest" name="validateLoginTest" time="0.384"/>
  <testcase classname="com.qa.testcases.LoginPageTest" name="validateLoginTest" time="0.553"/>
  <testcase classname="com.qa.testcases.LoginPageTest" name="validateLoginTest" time="5.492"/>
  <testcase classname="com.qa.testcases.LoginPageTest" name="validateLoginTest" time="0.53"/>
  <testcase classname="com.qa.testcases.LoginPageTest" name="validateLoginTest" time="0.476"/>
  <testcase classname="com.qa.testcases.HomePageTest" name="validateHomePageLogoTest" time="0.042"/>
  <testcase classname="com.qa.testcases.HomePageTest" name="validateHomePageTotalProductsTest" time="0.029"/>
  <testcase classname="com.qa.testcases.HomePageTest" name="validateShoppingCartIconTest" time="0.042"/>
  <testcase classname="com.qa.testcases.HomePageTest" name="validateProductsNamesTest" time="0.116"/>
  <testcase classname="com.qa.testcases.HomePageTest" name="validateFilterDropdownTest" time="0.166"/>
  <testcase classname="com.qa.testcases.HomePageTest" name="validateSideMenuBarTest" time="0.738"/>
  <testcase classname="com.qa.testcases.HomePageTest" name="validateAddToCartTest" time="0.584"/>
  <testcase classname="com.qa.testcases.CartPageTest" name="validatecartTitleTest" time="0.03"/>
  <testcase classname="com.qa.testcases.CartPageTest" name="validatecontinueShoppingbtnTest" time="0.114"/>
  <testcase classname="com.qa.testcases.CartPageTest" name="validateremovebtnTest" time="0.166"/>
  <testcase classname="com.qa.testcases.CheckOutPageTest" name="checkOutPageTitleTest" time="0.034"/>
  <testcase classname="com.qa.testcases.CheckOutPageTest" name="validatecheckOutcancelBtnTest" time="0.05"/>
  <testcase classname="com.qa.testcases.CheckOutPageTest" name="validatcheckOutDetailTest" time="0.5"/>
  <testcase classname="com.qa.testcases.CheckOutPageTest" name="validatcheckOutDetailsTest" time="0.376"/>
  <testcase classname="com.qa.testcases.CheckOutPageTest" name="validatcheckOutDetailsTest" time="0.459"/>
  <testcase classname="com.qa.testcases.CheckOutPageTest" name="validatcheckOutDetailsTest" time="0.501"/>
  <testcase classname="com.qa.testcases.CheckOutPageTest" name="validatcheckOutDetailsTest" time="0.412"/>
  <testcase classname="com.qa.testcases.OrderConfirmationPageTest" name="validateOrderConfirmationPageTitleTest" time="0.039"/>
  <testcase classname="com.qa.testcases.OrderConfirmationPageTest" name="validateOrderConfirmationPagecancelBtnTest" time="0.067"/>
  <testcase classname="com.qa.testcases.OrderConfirmationPageTest" name="validateOrderConfirmationPagefinishBtnTest" time="0.062"/>
  <testcase classname="com.qa.testcases.OrderCompletePageTest" name="validateOrderCompletePageTitleTest" time="0.031"/>
  <testcase classname="com.qa.testcases.OrderCompletePageTest" name="validateOrderCompletePageLogoTest" time="0.032"/>
  <testcase classname="com.qa.testcases.OrderCompletePageTest" name="validateOrderCompletePageordersuccessfulMessageTest" time="0.193"/>
  <testcase classname="com.qa.testcases.OrderCompletePageTest" name="validateOrderCompletePageMessageTest" time="0.03"/>
  <testcase classname="com.qa.testcases.OrderCompletePageTest" name="validateOrderCompletePagebackToProductsBtnTest" time="0.09"/>
</testsuite> <!-- Swag_LabsDemo Automtion Test -->
