<?xml version="1.0" encoding="UTF-8"?>
<!-- Generated by org.testng.reporters.JUnitXMLReporter -->
<testsuite ignored="0" hostname="DESKTOP-HK2JNRF" failures="0" tests="26" name="Swag_Labs Automtion Test" time="76.15" errors="0" timestamp="2024-06-01T21:29:49 IST">
  <testcase classname="com.qa.testcases.LoginPageTest" name="validateLoginPageTitleTest" time="0.025"/>
  <testcase classname="com.qa.testcases.LoginPageTest" name="validateloginLogoTest" time="0.059"/>
  <testcase classname="com.qa.testcases.LoginPageTest" name="validateLoginPageErrorTest" time="0.148"/>
  <testcase classname="com.qa.testcases.LoginPageTest" name="validateLoginTest" time="0.493"/>
  <testcase classname="com.qa.testcases.HomePageTest" name="validateHomePageLogoTest" time="0.048"/>
  <testcase classname="com.qa.testcases.HomePageTest" name="validateHomePageTotalProductsTest" time="0.024"/>
  <testcase classname="com.qa.testcases.HomePageTest" name="validateShoppingCartIconTest" time="0.045"/>
  <testcase classname="com.qa.testcases.HomePageTest" name="validateProductsNamesTest" time="0.144"/>
  <testcase classname="com.qa.testcases.HomePageTest" name="validateFilterDropdownTest" time="0.169"/>
  <testcase classname="com.qa.testcases.HomePageTest" name="validateSideMenuBarTest" time="0.8"/>
  <testcase classname="com.qa.testcases.HomePageTest" name="validateAddToCartTest" time="0.571"/>
  <testcase classname="com.qa.testcases.CartPageTest" name="validatecartTitleTest" time="0.026"/>
  <testcase classname="com.qa.testcases.CartPageTest" name="validatecontinueShoppingbtnTest" time="0.099"/>
  <testcase classname="com.qa.testcases.CartPageTest" name="validateremovebtnTest" time="0.167"/>
  <testcase classname="com.qa.testcases.CartPageTest" name="validatcheckOutbtnTest" time="0.469"/>
  <testcase classname="com.qa.testcases.CheckOutPageTest" name="checkOutPageTitleTest" time="0.031"/>
  <testcase classname="com.qa.testcases.CheckOutPageTest" name="validatecheckOutcancelBtnTest" time="0.106"/>
  <testcase classname="com.qa.testcases.CheckOutPageTest" name="validatecheckOutcontinueBtnTest" time="0.116"/>
  <testcase classname="com.qa.testcases.OrderCompletePageTest" name="validateOrderCompletePageTitleTest" time="0.029"/>
  <testcase classname="com.qa.testcases.OrderCompletePageTest" name="validateOrderCompletePageLogoTest" time="0.025"/>
  <testcase classname="com.qa.testcases.OrderCompletePageTest" name="validateOrderCompletePageordersuccessfulMessageTest" time="0.026"/>
  <testcase classname="com.qa.testcases.OrderCompletePageTest" name="validateOrderCompletePageMessageTest" time="0.029"/>
  <testcase classname="com.qa.testcases.OrderCompletePageTest" name="validateOrderCompletePagebackToProductsBtnTest" time="0.069"/>
  <testcase classname="com.qa.testcases.OrderConfirmationPageTest" name="validateOrderConfirmationPageTitleTest" time="0.028"/>
  <testcase classname="com.qa.testcases.OrderConfirmationPageTest" name="validateOrderConfirmationPagecancelBtnTest" time="0.079"/>
  <testcase classname="com.qa.testcases.OrderConfirmationPageTest" name="validateOrderConfirmationPagefinishBtnTest" time="0.062"/>
</testsuite> <!-- Swag_Labs Automtion Test -->
